[0mGET /users/sign-In [32m200[0m 13.737 ms - 3180[0m
[0mGET /users/sign-In [36m304[0m 8.526 ms - -[0m
[0mGET /users/sign-In [32m200[0m 11.081 ms - 3234[0m
[0mGET /users/sign-In [32m200[0m 8.514 ms - 3246[0m
[0mGET /users/sign-In [32m200[0m 6.371 ms - 3241[0m
[0mGET /users/sign-In [32m200[0m 8.953 ms - 3245[0m
[0mGET /users/sign-In [32m200[0m 10.564 ms - 3248[0m
[0mGET /users/sign-In [32m200[0m 12.008 ms - 3242[0m
[0mGET /users/sign-In [36m304[0m 17.323 ms - -[0m
[0mGET /users/sign-In [32m200[0m 12.904 ms - 3268[0m
[0mGET /users/sign-In [32m200[0m 10.665 ms - 3272[0m
[0mGET /users/sign-In [32m200[0m 7.347 ms - 3263[0m
[0mGET /users/sign-In [32m200[0m 7.019 ms - 3270[0m
[0mGET /users/sign-In [32m200[0m 12.727 ms - 3267[0m
[0mGET /users/sign-In [32m200[0m 14.088 ms - 3254[0m
[0mGET /users/sign-In [32m200[0m 8.837 ms - 3313[0m
[0mGET /users/sign-In [36m304[0m 12.507 ms - -[0m
[0mGET /users/sign-In [32m200[0m 15.896 ms - 3316[0m
[0mGET /users/sign-In [36m304[0m 9.106 ms - -[0m
[0mGET /users/sign-In [36m304[0m 9.663 ms - -[0m
[0mGET /users/sign-In [32m200[0m 12.049 ms - 3334[0m
[0mGET /users/sign-In [36m304[0m 15.107 ms - -[0m
[0mGET /users/sign-In [36m304[0m 19.089 ms - -[0m
[0mGET /users/sign-In [36m304[0m 11.007 ms - -[0m
[0mGET /users/sign-In [32m200[0m 15.609 ms - 3360[0m
[0mGET /users/sign-In [36m304[0m 11.863 ms - -[0m
[0mGET /users/sign-In [32m200[0m 15.700 ms - 3373[0m
[0mGET /users/sign-In [32m200[0m 18.021 ms - 3347[0m
[0mGET /users/sign-In [32m200[0m 10.768 ms - 3303[0m
[0mGET /users/sign-In [32m200[0m 7.690 ms - 3385[0m
[0mGET /users/sign-In [36m304[0m 14.411 ms - -[0m
[0mGET /users/sign-In [32m200[0m 7.741 ms - 3407[0m
[0mGET /users/sign-In [36m304[0m 12.091 ms - -[0m
[0mGET /users/sign-In [32m200[0m 7.171 ms - 3419[0m
[0mGET /users/sign-In [36m304[0m 16.888 ms - -[0m
[0mGET /users/sign-In [36m304[0m 12.801 ms - -[0m
[0mGET /users/sign-In [36m304[0m 10.524 ms - -[0m
[0mGET /users/sign-In [36m304[0m 7.825 ms - -[0m
[0mGET /users/sign-In [32m200[0m 15.631 ms - 3430[0m
[0mGET /users/sign-In [36m304[0m 15.381 ms - -[0m
[0mGET /users/sign-In [36m304[0m 11.709 ms - -[0m
[0mGET /users/sign-In [36m304[0m 9.586 ms - -[0m
[0mGET /users/sign-In [36m304[0m 13.227 ms - -[0m
[0mGET /users/sign-Up [36m304[0m 10.943 ms - -[0m
[0mGET /users/auth/google [36m302[0m 8.783 ms - 0[0m
[0mGET /users/auth/google/callback?code=4%2F0gGJpSb9IDH1wLAiuYBuGvyL8roe4EtwIelg5xVo2VECHAVZB7fM9Ietx8sMFLLLSrvXoezTXbm-UZg89u46tCQ&scope=email+profile+https%3A%2F%2Fwww.googleapis.com%2Fauth%2Fuserinfo.profile+https%3A%2F%2Fwww.googleapis.com%2Fauth%2Fuserinfo.email+openid&authuser=0&prompt=consent [36m302[0m 1555.436 ms - 46[0m
[0mGET / [32m200[0m 29.913 ms - 6262[0m
[0mPOST /likes/toggle/?id=5eb411919c219b7a9c62f8d3&type=Post [32m200[0m 38.670 ms - 59[0m
[0mPOST /likes/toggle/?id=5eb411919c219b7a9c62f8d3&type=Post [32m200[0m 21.350 ms - 59[0m
[0mGET /users/sign-Out [36m302[0m 6.173 ms - 46[0m
[0mGET / [32m200[0m 25.566 ms - 4449[0m
[0mGET /users/sign-In [36m304[0m 10.144 ms - -[0m
[0mGET /users/sign-Up [36m304[0m 6.740 ms - -[0m
[0mGET /users/sign-Up [32m200[0m 9.740 ms - 4811[0m
[0mGET /users/sign-Up [36m304[0m 6.839 ms - -[0m
[0mGET /users/sign-In [36m304[0m 8.602 ms - -[0m
[0mGET /users/sign-Up [36m304[0m 8.981 ms - -[0m
[0mGET /users/auth/google [36m302[0m 4.757 ms - 0[0m
[0mGET /users/auth/google/callback?code=4%2F0gGnQd_P9NHQe9hVfn0YjRa1XAUOyO3tNkwWLunvdCWRU5rUxK26thF2x3WGU3wNqydR9qv87fZtkRteMQ4EqEc&scope=email+profile+https%3A%2F%2Fwww.googleapis.com%2Fauth%2Fuserinfo.profile+https%3A%2F%2Fwww.googleapis.com%2Fauth%2Fuserinfo.email+openid&authuser=0&prompt=consent [36m302[0m 1094.469 ms - 46[0m
[0mGET / [32m200[0m 30.744 ms - 6262[0m
[0mGET /users/profile/5ecd4b3b17a8cd3b2c6c0653 [36m304[0m 18.059 ms - -[0m
[0mGET / [32m200[0m 202.331 ms - 4146[0m
[0mGET /favicon.ico [33m404[0m 9.413 ms - 150[0m
[0mGET /users/sign-In [36m304[0m 59.439 ms - -[0m
[0mGET /users/auth/google [36m302[0m 8.467 ms - 0[0m
[0mGET /users/sign-Up [36m304[0m 42.007 ms - -[0m
[0mGET /users/sign-Up [36m304[0m 8.445 ms - -[0m
[0mGET /users/auth/google [36m302[0m 6.209 ms - 0[0m
[0mGET /users/auth/google/callback?code=4%2F0gHpbTkH8xZMHbcdzzarYXVeJPZ2kf5GavrrfFL2fSUE5u1xuX-I-Z9sk1WR2RK0AN_6HnAesC2Rm7xdmpIhfq4&scope=email+profile+https%3A%2F%2Fwww.googleapis.com%2Fauth%2Fuserinfo.profile+https%3A%2F%2Fwww.googleapis.com%2Fauth%2Fuserinfo.email+openid&authuser=0&prompt=none [36m302[0m 2054.827 ms - 46[0m
[0mGET / [32m200[0m 48.266 ms - 6262[0m
[0mGET / [32m200[0m 36.119 ms - 5956[0m
[0mGET / [36m304[0m 31.293 ms - -[0m
[0mGET / [36m304[0m 46.491 ms - -[0m
[0mGET / [36m304[0m 30.024 ms - -[0m
[0mGET / [36m304[0m 31.796 ms - -[0m
[0mGET / [36m304[0m 29.184 ms - -[0m
[0mGET / [36m304[0m 33.952 ms - -[0m
[0mGET / [36m304[0m 29.013 ms - -[0m
[0mGET / [36m304[0m 33.428 ms - -[0m
[0mGET /users/profile/5ecd4b3b17a8cd3b2c6c0653 [36m304[0m 51.675 ms - -[0m
[0mGET / [36m304[0m 32.074 ms - -[0m
[0mGET / [36m304[0m 30.711 ms - -[0m
[0mGET / [36m304[0m 36.342 ms - -[0m
[0mGET / [36m304[0m 40.110 ms - -[0m
[0mGET / [36m304[0m 27.538 ms - -[0m
[0mGET / [36m304[0m 26.286 ms - -[0m
[0mGET / [36m304[0m 31.479 ms - -[0m
[0mGET / [36m304[0m 39.041 ms - -[0m
[0mGET / [36m304[0m 28.321 ms - -[0m
[0mGET / [32m200[0m 30.602 ms - 6203[0m
[0mGET / [36m304[0m 34.145 ms - -[0m
[0mPOST /posts/create [32m200[0m 28.825 ms - 244[0m
[0mGET / [32m200[0m 36.525 ms - 7370[0m
[0mGET / [36m304[0m 39.892 ms - -[0m
[0mGET / [36m304[0m 41.759 ms - -[0m
[0mPOST /comments/create [36m302[0m 28.423 ms - 88[0m
[0mGET / [32m200[0m 35.377 ms - 8093[0m
[0mGET / [32m200[0m 37.946 ms - 7837[0m
[0mGET / [36m304[0m 37.275 ms - -[0m
[0mGET / [36m304[0m 34.738 ms - -[0m
[0mGET / [36m304[0m 36.966 ms - -[0m
[0mGET / [36m304[0m 32.922 ms - -[0m
[0mGET / [32m200[0m 35.005 ms - 7861[0m
[0mGET / [36m304[0m 33.669 ms - -[0m
[0mGET / [32m200[0m 45.023 ms - 7845[0m
[0mGET / [36m304[0m 32.425 ms - -[0m
[0mGET / [32m200[0m 69.031 ms - 7897[0m
[0mGET / [36m304[0m 38.723 ms - -[0m
[0mGET / [36m304[0m 32.060 ms - -[0m
[0mGET / [36m304[0m 31.467 ms - -[0m
[0mGET / [36m304[0m 29.445 ms - -[0m
[0mGET / [32m200[0m 34.881 ms - 7917[0m
[0mGET / [36m304[0m 37.753 ms - -[0m
[0mGET / [36m304[0m 38.172 ms - -[0m
[0mGET / [36m304[0m 37.190 ms - -[0m
[0mGET / [36m304[0m 34.538 ms - -[0m
[0mGET / [32m200[0m 34.885 ms - 7957[0m
[0mGET / [36m304[0m 34.069 ms - -[0m
[0mGET / [36m304[0m 30.113 ms - -[0m
[0mGET / [36m304[0m 33.256 ms - -[0m
[0mGET / [36m304[0m 35.825 ms - -[0m
[0mGET / [36m304[0m 34.995 ms - -[0m
[0mGET / [36m304[0m 35.423 ms - -[0m
[0mGET / [36m304[0m 28.584 ms - -[0m
[0mGET / [32m200[0m 39.157 ms - 7988[0m
[0mGET / [36m304[0m 35.508 ms - -[0m
[0mGET / [32m200[0m 31.645 ms - 8330[0m
[0mGET / [32m200[0m 32.271 ms - 8332[0m
[0mGET / [36m304[0m 30.146 ms - -[0m
[0mGET / [36m304[0m 41.306 ms - -[0m
[0mGET / [36m304[0m 25.865 ms - -[0m
[0mGET / [36m304[0m 37.298 ms - -[0m
[0mGET / [36m304[0m 32.198 ms - -[0m
[0mGET / [32m200[0m 37.327 ms - 8397[0m
[0mGET / [32m200[0m 39.001 ms - 8411[0m
[0mGET / [36m304[0m 32.718 ms - -[0m
[0mGET / [36m304[0m 29.815 ms - -[0m
[0mGET / [36m304[0m 47.812 ms - -[0m
[0mGET / [36m304[0m 33.064 ms - -[0m
[0mGET / [36m304[0m 35.091 ms - -[0m
[0mGET / [36m304[0m 29.646 ms - -[0m
[0mGET / [36m304[0m 31.208 ms - -[0m
[0mGET / [36m304[0m 34.151 ms - -[0m
[0mGET / [36m304[0m 33.694 ms - -[0m
[0mGET / [36m304[0m 31.451 ms - -[0m
[0mGET / [36m304[0m 33.760 ms - -[0m
[0mGET / [36m304[0m 27.970 ms - -[0m
[0mGET / [36m304[0m 39.200 ms - -[0m
[0mGET / [36m304[0m 40.303 ms - -[0m
[0mGET / [36m304[0m 30.546 ms - -[0m
[0mGET / [36m304[0m 26.422 ms - -[0m
[0mGET / [36m304[0m 36.618 ms - -[0m
[0mGET /users/profile/5ecd4b3b17a8cd3b2c6c0653 [36m304[0m 15.710 ms - -[0m
[0mGET /users/profile [33m404[0m 6.756 ms - 152[0m
[0mGET /users/profile/5ecd4b3b17a8cd3b2c6c0653 [36m304[0m 15.182 ms - -[0m
[0mPOST /users/update/5ecd4b3b17a8cd3b2c6c0653 [36m302[0m 158.730 ms - 164[0m
[0mGET /users/profile/5ecd4b3b17a8cd3b2c6c0653 [32m200[0m 52.639 ms - 2988[0m
[0mPOST /users/update/5ecd4b3b17a8cd3b2c6c0653 [36m302[0m 24.501 ms - 164[0m
[0mGET /users/profile/5ecd4b3b17a8cd3b2c6c0653 [32m200[0m 21.788 ms - 2988[0m
[0mGET / [32m200[0m 641.723 ms - 5790[0m
[0mGET /favicon.ico [33m404[0m 17.232 ms - 150[0m
[0mGET /users/sign-In [36m304[0m 49.231 ms - -[0m
[0mGET /users/auth/google [36m302[0m 8.157 ms - 0[0m
[0mGET /users/auth/google/callback?code=4%2F0gFij6WzKIDwIswYnzgcU4y5UJ0aSO-na0S0saBcWdC_aYC-UbVyGoTKsy8FqD9zvDTO0h8clrmRvhDl0tujnm4&scope=email+profile+https%3A%2F%2Fwww.googleapis.com%2Fauth%2Fuserinfo.profile+https%3A%2F%2Fwww.googleapis.com%2Fauth%2Fuserinfo.email+openid&authuser=0&prompt=consent [36m302[0m 1198.038 ms - 46[0m
[0mGET / [32m200[0m 53.826 ms - 8717[0m
[0mGET /users/profile/5ecd4b3b17a8cd3b2c6c0653 [36m304[0m 52.849 ms - -[0m
[0mGET /users/profile/5ecd4b3b17a8cd3b2c6c0653 [36m304[0m 15.017 ms - -[0m
[0mPOST /users/update/5ecd4b3b17a8cd3b2c6c0653 [36m302[0m 34.875 ms - 164[0m
[0mGET /users/profile/5ecd4b3b17a8cd3b2c6c0653 [32m200[0m 15.757 ms - 2988[0m
[0mGET /users/profile/5ecd4b3b17a8cd3b2c6c0653 [32m200[0m 15.048 ms - 3010[0m
[0mGET /users/profile/5ecd4b3b17a8cd3b2c6c0653 [36m304[0m 16.306 ms - -[0m
[0mGET /users/profile/5ecd4b3b17a8cd3b2c6c0653 [36m304[0m 10.562 ms - -[0m
[0mGET /users/profile/5ecd4b3b17a8cd3b2c6c0653 [36m304[0m 14.149 ms - -[0m
[0mGET /users/profile/5ecd4b3b17a8cd3b2c6c0653 [36m304[0m 12.913 ms - -[0m
[0mGET /users/profile/5ecd4b3b17a8cd3b2c6c0653 [36m304[0m 15.730 ms - -[0m
[0mGET /users/profile/5ecd4b3b17a8cd3b2c6c0653 [36m304[0m 15.719 ms - -[0m
[0mGET /users/profile/5ecd4b3b17a8cd3b2c6c0653 [32m200[0m 16.811 ms - 3019[0m
[0mGET /users/profile/5ecd4b3b17a8cd3b2c6c0653 [36m304[0m 14.022 ms - -[0m
[0mGET /users/profile/5ecd4b3b17a8cd3b2c6c0653 [32m200[0m 13.688 ms - 3105[0m
[0mGET /users/profile/5ecd4b3b17a8cd3b2c6c0653 [32m200[0m 22.231 ms - 3101[0m
[0mGET /users/profile/5ecd4b3b17a8cd3b2c6c0653 [36m304[0m 14.035 ms - -[0m
[0mGET /users/profile/5ecd4b3b17a8cd3b2c6c0653 [32m200[0m 16.667 ms - 2947[0m
[0mGET /users/profile/5ecd4b3b17a8cd3b2c6c0653 [36m304[0m 14.634 ms - -[0m
[0mGET /users/profile/5ecd4b3b17a8cd3b2c6c0653 [36m304[0m 17.224 ms - -[0m
[0mGET /users/profile/5ecd4b3b17a8cd3b2c6c0653 [36m304[0m 15.157 ms - -[0m
[0mGET /users/profile/5ecd4b3b17a8cd3b2c6c0653 [36m304[0m 16.279 ms - -[0m
[0mGET /users/profile/5ecd4b3b17a8cd3b2c6c0653 [36m304[0m 13.253 ms - -[0m
[0mGET /users/profile/5ecd4b3b17a8cd3b2c6c0653 [36m304[0m 14.885 ms - -[0m
[0mGET /users/profile/5ecd4b3b17a8cd3b2c6c0653 [36m304[0m 13.512 ms - -[0m
[0mGET /users/profile/5ecd4b3b17a8cd3b2c6c0653 [32m200[0m 14.064 ms - 2924[0m
[0mGET /users/profile/5ecd4b3b17a8cd3b2c6c0653 [36m304[0m 12.363 ms - -[0m
[0mGET /users/profile/5ecd4b3b17a8cd3b2c6c0653 [36m304[0m 12.654 ms - -[0m
[0mGET /users/profile/5ecd4b3b17a8cd3b2c6c0653 [36m304[0m 16.867 ms - -[0m
[0mGET /users/profile/5ecd4b3b17a8cd3b2c6c0653 [36m304[0m 12.982 ms - -[0m
[0mGET /users/profile/5ecd4b3b17a8cd3b2c6c0653 [36m304[0m 12.574 ms - -[0m
[0mGET /users/profile/5ecd4b3b17a8cd3b2c6c0653 [32m200[0m 13.564 ms - 2923[0m
[0mGET /users/profile/5ecd4b3b17a8cd3b2c6c0653 [32m200[0m 11.182 ms - 3101[0m
[0mGET /users/profile/5ecd4b3b17a8cd3b2c6c0653 [32m200[0m 15.789 ms - 3110[0m
[0mGET /users/profile/5ecd4b3b17a8cd3b2c6c0653 [32m200[0m 13.781 ms - 3101[0m
[0mGET /users/profile/5ecd4b3b17a8cd3b2c6c0653 [32m200[0m 13.771 ms - 3110[0m
[0mGET /users/profile/5ecd4b3b17a8cd3b2c6c0653 [32m200[0m 24.523 ms - 3041[0m
[0mGET /users/profile/5ecd4b3b17a8cd3b2c6c0653 [32m200[0m 12.957 ms - 3059[0m
[0mGET /users/profile/5ecd4b3b17a8cd3b2c6c0653 [36m304[0m 17.834 ms - -[0m
[0mGET /users/profile/5ecd4b3b17a8cd3b2c6c0653 [32m200[0m 13.455 ms - 3059[0m
[0mGET /users/profile/5ecd4b3b17a8cd3b2c6c0653 [36m304[0m 13.261 ms - -[0m
[0mGET /users/profile/5ecd4b3b17a8cd3b2c6c0653 [36m304[0m 12.038 ms - -[0m
[0mGET /users/profile/5ecd4b3b17a8cd3b2c6c0653 [36m304[0m 15.638 ms - -[0m
[0mGET /users/profile/5ecd4b3b17a8cd3b2c6c0653 [32m200[0m 25.252 ms - 3059[0m
[0mGET /users/profile/5ecd4b3b17a8cd3b2c6c0653 [32m200[0m 22.167 ms - 3060[0m
[0mGET /users/profile/5ecd4b3b17a8cd3b2c6c0653 [32m200[0m 12.881 ms - 3059[0m
[0mGET /users/profile/5ecd4b3b17a8cd3b2c6c0653 [32m200[0m 18.999 ms - 3059[0m
[0mGET /users/sign-Out [36m302[0m 6.526 ms - 46[0m
[0mGET / [32m200[0m 40.818 ms - 6093[0m
[0mGET /users/profile/5edb54b66e70c5634c059a30 [36m302[0m 3.795 ms - 72[0m
[0mGET /users/sign-In [36m304[0m 10.420 ms - -[0m
[0mGET /users/auth/google [36m302[0m 5.280 ms - 0[0m
[0mGET /users/auth/google/callback?code=4%2F0gEZOL9HevI1qfhd3zHSpxJ-kqpEYBopS1sw0RvjR3nClpNJ9VMLzOJyaPE9sajnecUK3P20hPto3eJYcfXMbVc&scope=email+profile+https%3A%2F%2Fwww.googleapis.com%2Fauth%2Fuserinfo.profile+https%3A%2F%2Fwww.googleapis.com%2Fauth%2Fuserinfo.email+openid&authuser=1&prompt=consent [36m302[0m 1795.463 ms - 46[0m
[0mGET / [32m200[0m 36.886 ms - 8580[0m
[0mGET /users/profile/5ecd4b3b17a8cd3b2c6c0653 [32m200[0m 15.669 ms - 2617[0m
[0mGET /users/profile/5ecd4b3b17a8cd3b2c6c0653 [32m200[0m 13.667 ms - 2650[0m
[0mGET /users/profile/5ecd4b3b17a8cd3b2c6c0653 [32m200[0m 13.760 ms - 2673[0m
[0mGET /users/profile/5ecd4b3b17a8cd3b2c6c0653 [36m304[0m 12.342 ms - -[0m
[0mGET /users/profile/5ecd4b3b17a8cd3b2c6c0653 [32m200[0m 13.931 ms - 2692[0m
[0mGET /users/profile/5ecd4b3b17a8cd3b2c6c0653 [36m304[0m 11.785 ms - -[0m
[0mGET /users/profile/5ecd4b3b17a8cd3b2c6c0653 [36m304[0m 10.777 ms - -[0m
[0mGET /users/profile/5ecd4b3b17a8cd3b2c6c0653 [36m304[0m 13.722 ms - -[0m
[0mGET /users/profile/5ecd4b3b17a8cd3b2c6c0653 [36m304[0m 20.435 ms - -[0m
[0mGET /users/profile/5ecd4b3b17a8cd3b2c6c0653 [36m304[0m 16.283 ms - -[0m
[0mGET /users/profile/5ecd4b3b17a8cd3b2c6c0653 [36m304[0m 11.534 ms - -[0m
