[0mGET /users/sign-In [32m200[0m 16.343 ms - 3338[0m
[0mGET /users/css/layout.css [33m404[0m 23.550 ms - 159[0m
[0mGET /users/css/header.css [33m404[0m 12.139 ms - 159[0m
[0mGET /users/css/footer.css [33m404[0m 4.916 ms - 159[0m
[0mGET /users/sign-In [36m304[0m 8.159 ms - -[0m
[0mGET /users/css/layout.css [33m404[0m 6.397 ms - 159[0m
[0mGET /users/css/header.css [33m404[0m 6.033 ms - 159[0m
[0mGET /users/css/footer.css [33m404[0m 7.123 ms - 159[0m
[0mGET /users/css/layout.css [33m404[0m 6.658 ms - 159[0m
[0mGET /users/css/header.css [33m404[0m 5.265 ms - 159[0m
[0mGET /users/css/footer.css [33m404[0m 6.633 ms - 159[0m
[0mGET /users/sign-In [36m304[0m 9.057 ms - -[0m
[0mGET /users/css/layout.css [33m404[0m 2.485 ms - 159[0m
[0mGET /users/css/header.css [33m404[0m 2.441 ms - 159[0m
[0mGET /users/css/footer.css [33m404[0m 2.859 ms - 159[0m
[0mGET /users/css/layout.css [33m404[0m 8.435 ms - 159[0m
[0mGET /users/css/header.css [33m404[0m 8.975 ms - 159[0m
[0mGET /users/css/footer.css [33m404[0m 10.343 ms - 159[0m
[0mGET /users/sign-In [36m304[0m 7.888 ms - -[0m
[0mGET /users/css/layout.css [33m404[0m 10.155 ms - 159[0m
[0mGET /users/css/header.css [33m404[0m 8.851 ms - 159[0m
[0mGET /users/css/footer.css [33m404[0m 8.258 ms - 159[0m
[0mGET /users/css/layout.css [33m404[0m 13.112 ms - 159[0m
[0mGET /users/css/header.css [33m404[0m 9.438 ms - 159[0m
[0mGET /users/css/footer.css [33m404[0m 11.419 ms - 159[0m
[0mGET /users/sign-In [36m304[0m 6.447 ms - -[0m
[0mGET /users/css/layout.css [33m404[0m 17.439 ms - 159[0m
[0mGET /users/css/header.css [33m404[0m 9.452 ms - 159[0m
[0mGET /users/css/footer.css [33m404[0m 5.062 ms - 159[0m
[0mGET /users/sign-In [36m304[0m 6.884 ms - -[0m
[0mGET /users/css/layout.css [33m404[0m 6.681 ms - 159[0m
[0mGET /users/css/header.css [33m404[0m 7.775 ms - 159[0m
[0mGET /users/css/footer.css [33m404[0m 8.501 ms - 159[0m
[0mGET /users/sign-In [36m304[0m 7.303 ms - -[0m
[0mGET /users/css/layout.css [33m404[0m 23.502 ms - 159[0m
[0mGET /users/css/header.css [33m404[0m 22.056 ms - 159[0m
[0mGET /users/css/footer.css [33m404[0m 6.917 ms - 159[0m
[0mGET /users/sign-In [36m304[0m 8.639 ms - -[0m
[0mGET /users/css/layout.css [33m404[0m 20.787 ms - 159[0m
[0mGET /users/css/header.css [33m404[0m 4.113 ms - 159[0m
[0mGET /users/css/footer.css [33m404[0m 4.906 ms - 159[0m
[0mGET /users/sign-In [36m304[0m 7.416 ms - -[0m
[0mGET /users/css/layout.css [33m404[0m 6.997 ms - 159[0m
[0mGET /users/css/header.css [33m404[0m 6.148 ms - 159[0m
[0mGET /users/css/footer.css [33m404[0m 6.096 ms - 159[0m
[0mGET /users/sign-In [36m304[0m 6.249 ms - -[0m
[0mGET /users/css/layout.css [33m404[0m 17.332 ms - 159[0m
[0mGET /users/css/header.css [33m404[0m 20.872 ms - 159[0m
[0mGET /users/css/footer.css [33m404[0m 9.686 ms - 159[0m
[0mGET /users/sign-In [36m304[0m 6.124 ms - -[0m
[0mGET /users/css/layout.css [33m404[0m 6.319 ms - 159[0m
[0mGET /users/css/header.css [33m404[0m 6.283 ms - 159[0m
[0mGET /users/css/footer.css [33m404[0m 9.041 ms - 159[0m
[0mGET /users/sign-In [36m304[0m 10.078 ms - -[0m
[0mGET /users/css/layout.css [33m404[0m 6.522 ms - 159[0m
[0mGET /users/css/header.css [33m404[0m 8.327 ms - 159[0m
[0mGET /users/css/footer.css [33m404[0m 6.952 ms - 159[0m
[0mGET /users/sign-In [36m304[0m 5.529 ms - -[0m
[0mGET /users/css/layout.css [33m404[0m 10.814 ms - 159[0m
[0mGET /users/css/header.css [33m404[0m 7.861 ms - 159[0m
[0mGET /users/css/footer.css [33m404[0m 9.842 ms - 159[0m
[0mGET /users/sign-In [36m304[0m 9.083 ms - -[0m
[0mGET /users/css/layout.css [33m404[0m 11.870 ms - 159[0m
[0mGET /users/css/header.css [33m404[0m 15.703 ms - 159[0m
[0mGET /users/css/footer.css [33m404[0m 7.953 ms - 159[0m
[0mGET / [32m200[0m 117.991 ms - 2593[0m
[0mGET /favicon.ico [33m404[0m 9.914 ms - 150[0m
[0mGET /users/sign-In [36m304[0m 47.714 ms - -[0m
[0mGET /users/css/layout.css [33m404[0m 53.108 ms - 159[0m
[0mGET /users/css/header.css [33m404[0m 97.746 ms - 159[0m
[0mGET /users/css/footer.css [33m404[0m 63.097 ms - 159[0m
[0mGET /users/sign-In [32m200[0m 15.932 ms - 3358[0m
[0mGET /users/css/layout.css [33m404[0m 9.138 ms - 159[0m
[0mGET /users/css/header.css [33m404[0m 47.316 ms - 159[0m
[0mGET /users/css/footer.css [33m404[0m 5.913 ms - 159[0m
[0mGET /users/sign-In [32m200[0m 9.962 ms - 3345[0m
[0mGET /users/css/layout.css [33m404[0m 28.196 ms - 159[0m
[0mGET /users/css/header.css [33m404[0m 27.137 ms - 159[0m
[0mGET /users/css/footer.css [33m404[0m 9.623 ms - 159[0m
[0mGET /users/sign-In [32m200[0m 10.458 ms - 3343[0m
[0mGET /users/css/layout.css [33m404[0m 4.418 ms - 159[0m
[0mGET /users/css/header.css [33m404[0m 30.087 ms - 159[0m
[0mGET /users/css/footer.css [33m404[0m 5.773 ms - 159[0m
[0mGET /users/auth/google [36m302[0m 10.615 ms - 0[0m
[0mGET /users/auth/google/callback?code=4%2F0gGxIUTr_pmLw2KT9JvMpKcswRWi0K2y1PiMAp25s0RoheC6eoh9f2QlUG1AlaZU4lUC7sW0_MCM0mEbg4CSPfI&scope=email+profile+openid+https%3A%2F%2Fwww.googleapis.com%2Fauth%2Fuserinfo.profile+https%3A%2F%2Fwww.googleapis.com%2Fauth%2Fuserinfo.email&authuser=0&prompt=none [36m302[0m 1007.821 ms - 46[0m
[0mGET / [32m200[0m 39.876 ms - 4237[0m
[0mGET /users/sign-Out [36m302[0m 12.165 ms - 46[0m
[0mGET / [32m200[0m 26.437 ms - 3076[0m
[0mGET /users/sign-In [36m304[0m 12.671 ms - -[0m
[0mGET /users/css/layout.css [33m404[0m 11.762 ms - 159[0m
[0mGET /users/css/header.css [33m404[0m 14.818 ms - 159[0m
[0mGET /users/css/footer.css [33m404[0m 15.899 ms - 159[0m
[0mGET /users/css/layout.css [33m404[0m 15.732 ms - 159[0m
[0mGET /users/css/header.css [33m404[0m 16.610 ms - 159[0m
[0mGET /users/css/footer.css [33m404[0m 14.919 ms - 159[0m
[0mGET /users/css/footer.css [33m404[0m 7.687 ms - 159[0m
[0mGET /users/sign-In [36m304[0m 56.725 ms - -[0m
[0mGET /users/css/layout.css [33m404[0m 58.887 ms - 159[0m
[0mGET /users/css/header.css [33m404[0m 93.193 ms - 159[0m
[0mGET /users/css/footer.css [33m404[0m 84.760 ms - 159[0m
[0mGET /users/sign-In [36m304[0m 60.406 ms - -[0m
[0mGET /users/css/layout.css [33m404[0m 101.533 ms - 159[0m
[0mGET /users/css/header.css [33m404[0m 83.010 ms - 159[0m
[0mGET /users/css/footer.css [33m404[0m 57.129 ms - 159[0m
[0mGET /users/sign-In [36m304[0m 82.415 ms - -[0m
[0mGET /users/css/header.css [33m404[0m 131.800 ms - 159[0m
[0mGET /users/css/footer.css [33m404[0m 75.154 ms - 159[0m
[0mGET /users/css/layout.css [33m404[0m 111.623 ms - 159[0m
[0mGET /users/sign-In [32m200[0m 60.690 ms - 3346[0m
[0mGET /users/sign-In [36m304[0m 41.912 ms - -[0m
[0mGET /users/sign-In [32m200[0m 44.565 ms - 3364[0m
[0mGET /users/sign-In [36m304[0m 100.601 ms - -[0m
[0mGET /users/sign-In [36m304[0m 75.182 ms - -[0m
[0mGET /users/sign-In [36m304[0m 59.026 ms - -[0m
[0mGET /users/sign-In [36m304[0m 71.656 ms - -[0m
[0mGET /users/sign-In [31m500[0m 37.503 ms - 2768[0m
[0mGET /users/sign-In [31m500[0m 7.999 ms - 2768[0m
[0mGET /users/sign-In [31m500[0m 7.670 ms - 2768[0m
[0mGET /users/sign-In [32m200[0m 15.964 ms - 3372[0m
[0mGET /users/sign-In [36m304[0m 50.279 ms - -[0m
[0mGET /users/sign-In [36m304[0m 23.417 ms - -[0m
[0mGET /users/sign-In [36m304[0m 9.016 ms - -[0m
[0mPOST /users/create-session [36m302[0m 48.529 ms - 72[0m
[0mGET /users/sign-In [32m200[0m 14.765 ms - 3635[0m
[0mGET /users/sign-In [32m200[0m 8.229 ms - 3372[0m
[0mGET /users/sign-In [36m304[0m 8.236 ms - -[0m
[0mGET /users/sign-In [36m304[0m 10.564 ms - -[0m
[0mGET /users/sign-In [32m200[0m 7.748 ms - 2890[0m
[0mGET /users/sign-In [36m304[0m 33.047 ms - -[0m
[0mGET /users/sign-In [36m304[0m 10.304 ms - -[0m
[0mPOST /users/create-session [36m302[0m 12.454 ms - 72[0m
[0mGET /users/sign-In [32m200[0m 3.450 ms - 3153[0m
[0mGET /users/sign-In [32m200[0m 17.205 ms - 2890[0m
[0mGET /users/sign-In [36m304[0m 8.167 ms - -[0m
[0mGET /users/sign-In [36m304[0m 3.530 ms - -[0m
[0mPOST /users/create-session [36m302[0m 11.464 ms - 72[0m
[0mGET /users/sign-In [32m200[0m 2.761 ms - 3153[0m
[0mGET /users/sign-In [32m200[0m 3.577 ms - 2890[0m
[0mGET /users/sign-In [36m304[0m 5.891 ms - -[0m
[0mGET /users/sign-In [32m200[0m 5.691 ms - 2937[0m
[0mGET /users/sign-In [36m304[0m 4.239 ms - -[0m
[0mGET /users/sign-In [36m304[0m 32.199 ms - -[0m
[0mGET /users/sign-In [36m304[0m 29.592 ms - -[0m
[0mGET /users/sign-Up [32m200[0m 49.289 ms - 3437[0m
[0mGET /users/sign-Up [36m304[0m 12.149 ms - -[0m
[0mGET /users/auth/google [36m302[0m 5.361 ms - 0[0m
[0mGET /users/auth/google/callback?code=4%2F0gHf-DqAk_115VeMw1RVsrJtKW6UPMuTvn6E_rbI90InjlbNWVkThTimNZy-kPyfmbsEwi7yhvAHnTbFkQasIOw&scope=email+profile+https%3A%2F%2Fwww.googleapis.com%2Fauth%2Fuserinfo.profile+https%3A%2F%2Fwww.googleapis.com%2Fauth%2Fuserinfo.email+openid&authuser=1&prompt=consent [36m302[0m 1285.663 ms - 46[0m
[0mGET / [32m200[0m 23.170 ms - 4434[0m
[0mGET /users/profile/5edb545fc618bf7764a19a9c [32m200[0m 10.605 ms - 2620[0m
[0mGET /users/profile [33m404[0m 6.764 ms - 152[0m
[0mGET / [32m200[0m 10.635 ms - 4128[0m
[0mGET /users/profile/5edb27befa57ce75344789be [31m500[0m 12.379 ms - 2628[0m
[0mGET /users/profile/5edb27befa57ce75344789be [36m302[0m 13.890 ms - 72[0m
[0mGET /users/sign-In [36m304[0m 11.992 ms - -[0m
[0mGET /users/auth/google [36m302[0m 5.233 ms - 0[0m
[0mGET /users/auth/google/callback?code=4%2F0gEIZ9Qjw_Tq40z8fSKXuzm6fJzSkrPQ9gkGAPkVnNcg1wyHCnlOEWO0DvS1S-jWHqmfrPcJZzsDQK42iTuMjCQ&scope=email+profile+https%3A%2F%2Fwww.googleapis.com%2Fauth%2Fuserinfo.profile+https%3A%2F%2Fwww.googleapis.com%2Fauth%2Fuserinfo.email+openid&authuser=1&prompt=consent [36m302[0m 712.572 ms - 46[0m
[0mGET / [32m200[0m 34.647 ms - 6266[0m
[0mGET /users/profile/5ecd4b3b17a8cd3b2c6c0653 [32m200[0m 13.909 ms - 2213[0m
[0mGET /users/friends/?from=5edb54b66e70c5634c059a30&to=5ecd4b3b17a8cd3b2c6c0653 [33m404[0m 5.618 ms - 153[0m
[0mGET /users/profile/5ecd4b3b17a8cd3b2c6c0653 [36m304[0m 30.542 ms - -[0m
[0mGET /users/friends/?from=5edb54b66e70c5634c059a30&to=5ecd4b3b17a8cd3b2c6c0653 [36m302[0m 61.704 ms - 164[0m
[0mGET /users/profile/5ecd4b3b17a8cd3b2c6c0653 [36m304[0m 10.130 ms - -[0m
[0mGET /users/profile/5ecd4b3b17a8cd3b2c6c0653 [36m302[0m 11.134 ms - 72[0m
[0mGET /users/sign-In [36m304[0m 16.558 ms - -[0m
[0mGET / [32m200[0m 39.733 ms - 4146[0m
[0mGET /users/sign-In [36m304[0m 7.610 ms - -[0m
[0mGET /users/auth/google [36m302[0m 7.455 ms - 0[0m
[0mGET /users/auth/google/callback?code=4%2F0gH6_sRz2ZRvzD3kS7ZBZZqnDNBLCVuUNBb9wEmEsHo2SXmZjer5QkGa5r_dNx4_6loL1ZmbSuOAG2h9343G1Pg&scope=email+profile+https%3A%2F%2Fwww.googleapis.com%2Fauth%2Fuserinfo.profile+https%3A%2F%2Fwww.googleapis.com%2Fauth%2Fuserinfo.email+openid&authuser=1&prompt=consent [36m302[0m 1182.505 ms - 46[0m
[0mGET / [32m200[0m 21.757 ms - 6266[0m
[0mGET /users/profile/5edb54b66e70c5634c059a30 [32m200[0m 15.479 ms - 2620[0m
[0mGET / [32m200[0m 21.659 ms - 5960[0m
[0mGET / [36m304[0m 60.386 ms - -[0m
[0mGET /users/profile/5ecd4b3b17a8cd3b2c6c0653 [32m200[0m 10.606 ms - 2213[0m
[0mGET /users/friends/?from=5edb54b66e70c5634c059a30&to=5ecd4b3b17a8cd3b2c6c0653 [36m302[0m 32.113 ms - 164[0m
[0mGET /users/profile/5ecd4b3b17a8cd3b2c6c0653 [36m304[0m 15.945 ms - -[0m
[0mGET /users/friends/?from=5edb54b66e70c5634c059a30&to=5ecd4b3b17a8cd3b2c6c0653 [36m302[0m 18.688 ms - 164[0m
[0mGET /users/profile/5ecd4b3b17a8cd3b2c6c0653 [36m304[0m 12.635 ms - -[0m
[0mGET /users/profile/5ecd4b3b17a8cd3b2c6c0653 [36m304[0m 33.896 ms - -[0m
[0mGET /users/friends/?from=5edb54b66e70c5634c059a30&to=5ecd4b3b17a8cd3b2c6c0653 [36m302[0m 26.320 ms - 164[0m
[0mGET /users/profile/5ecd4b3b17a8cd3b2c6c0653 [36m304[0m 13.236 ms - -[0m
[0mGET /users/friends/?from=5edb54b66e70c5634c059a30&to=5ecd4b3b17a8cd3b2c6c0653 [36m302[0m 19.038 ms - 164[0m
[0mGET /users/profile/5ecd4b3b17a8cd3b2c6c0653 [36m304[0m 12.291 ms - -[0m
[0mGET / [32m200[0m 172.929 ms - 4146[0m
[0mGET /favicon.ico [33m404[0m 8.511 ms - 150[0m
[0mGET /users/sign-In [36m304[0m 46.251 ms - -[0m
[0mGET /users/sign-In [32m200[0m 8.562 ms - 2924[0m
[0mGET /users/sign-In [36m304[0m 8.134 ms - -[0m
[0mGET /users/sign-In [36m304[0m 8.082 ms - -[0m
[0mGET /users/sign-In [36m304[0m 8.610 ms - -[0m
[0mGET /users/sign-In [36m304[0m 8.120 ms - -[0m
[0mGET /users/sign-In [36m304[0m 6.519 ms - -[0m
[0mGET /users/sign-In [36m304[0m 7.774 ms - -[0m
[0mGET /users/sign-In [36m304[0m 8.288 ms - -[0m
[0mGET /users/sign-In [36m304[0m 7.460 ms - -[0m
[0mGET /users/sign-In [36m304[0m 9.943 ms - -[0m
[0mGET /users/sign-In [36m304[0m 7.936 ms - -[0m
[0mGET /users/sign-In [36m304[0m 7.159 ms - -[0m
[0mGET /users/sign-In [36m304[0m 9.012 ms - -[0m
[0mGET /users/sign-In [36m304[0m 11.066 ms - -[0m
[0mGET /users/sign-In [32m200[0m 8.562 ms - 2929[0m
[0mGET /users/sign-In [36m304[0m 8.830 ms - -[0m
[0mGET /users/sign-In [36m304[0m 7.685 ms - -[0m
[0mGET /users/sign-In [36m304[0m 11.009 ms - -[0m
[0mGET /users/sign-In [36m304[0m 7.937 ms - -[0m
[0mGET /users/sign-In [32m200[0m 9.397 ms - 2929[0m
[0mGET /users/sign-In [32m200[0m 19.818 ms - 3052[0m
[0mGET /users/sign-In [32m200[0m 5.181 ms - 3458[0m
[0mGET /users/sign-In [36m304[0m 8.176 ms - -[0m
[0mGET /users/sign-Up [36m304[0m 9.380 ms - -[0m
[0mGET /users/sign-Up [36m304[0m 8.897 ms - -[0m
[0mGET /users/sign-Up [32m200[0m 5.096 ms - 2681[0m
[0mGET /users/sign-In [36m304[0m 8.312 ms - -[0m
[0mGET /users/sign-Up [36m304[0m 8.617 ms - -[0m
[0mGET /users/sign-Up [32m200[0m 8.275 ms - 3593[0m
[0mGET /users/sign-Up [32m200[0m 8.741 ms - 3589[0m
[0mGET /users/sign-Up [36m304[0m 7.822 ms - -[0m
[0mGET /users/sign-Up [32m200[0m 7.481 ms - 3345[0m
[0mGET /users/sign-Up [32m200[0m 8.492 ms - 3496[0m
[0mGET /users/sign-Up [32m200[0m 6.659 ms - 3076[0m
[0mGET /users/sign-Up [32m200[0m 10.379 ms - 3021[0m
[0mGET /users/sign-In [36m304[0m 7.996 ms - -[0m
[0mGET /users/sign-Up [32m200[0m 8.661 ms - 3030[0m
[0mGET /users/sign-Up [32m200[0m 6.288 ms - 3049[0m
[0mGET /users/sign-In [32m200[0m 7.920 ms - 3452[0m
[0mGET /users/sign-Up [36m304[0m 9.594 ms - -[0m
[0mGET /users/sign-Up [36m304[0m 9.040 ms - -[0m
[0mGET /users/sign-Up [36m304[0m 6.997 ms - -[0m
[0mGET /users/sign-Up [36m304[0m 7.573 ms - -[0m
[0mGET /users/sign-Up [36m304[0m 6.249 ms - -[0m
[0mGET /users/sign-Up [36m304[0m 6.130 ms - -[0m
[0mGET /users/sign-Up [36m304[0m 6.969 ms - -[0m
[0mGET /users/sign-Up [36m304[0m 7.673 ms - -[0m
[0mGET /users/sign-Up [36m304[0m 5.719 ms - -[0m
[0mGET /users/sign-Up [36m304[0m 7.163 ms - -[0m
[0mGET /users/sign-Up [36m304[0m 8.126 ms - -[0m
[0mGET /users/sign-Up [36m304[0m 5.509 ms - -[0m
[0mGET /users/sign-Up [36m304[0m 7.621 ms - -[0m
[0mGET /users/sign-Up [36m304[0m 8.426 ms - -[0m
[0mGET /users/sign-Up [36m304[0m 4.421 ms - -[0m
[0mGET /users/sign-Up [36m304[0m 5.119 ms - -[0m
[0mGET /users/sign-Up [36m304[0m 6.324 ms - -[0m
[0mGET /users/sign-Up [36m304[0m 7.148 ms - -[0m
[0mGET /users/sign-Up [36m304[0m 6.019 ms - -[0m
[0mGET /users/sign-Up [36m304[0m 7.477 ms - -[0m
[0mGET /users/sign-Up [36m304[0m 7.455 ms - -[0m
[0mGET /users/sign-Up [36m304[0m 5.965 ms - -[0m
[0mGET /users/sign-Up [36m304[0m 6.402 ms - -[0m
[0mGET /users/sign-Up [36m304[0m 6.161 ms - -[0m
[0mGET /users/sign-Up [36m304[0m 7.629 ms - -[0m
[0mGET /users/sign-Up [36m304[0m 8.904 ms - -[0m
[0mGET /users/sign-Up [36m304[0m 6.504 ms - -[0m
[0mGET /users/sign-Up [36m304[0m 5.822 ms - -[0m
[0mGET /users/sign-Up [36m304[0m 6.583 ms - -[0m
[0mGET /users/sign-Up [36m304[0m 8.241 ms - -[0m
[0mGET /users/sign-Up [36m304[0m 8.339 ms - -[0m
[0mGET /users/sign-Up [36m304[0m 7.432 ms - -[0m
[0mGET /users/sign-Up [36m304[0m 7.833 ms - -[0m
[0mGET /users/sign-Up [36m304[0m 7.129 ms - -[0m
[0mGET /users/sign-In [32m200[0m 7.148 ms - 3216[0m
[0mGET /users/sign-Up [36m304[0m 7.334 ms - -[0m
[0mGET /users/sign-In [36m304[0m 12.873 ms - -[0m
[0mGET /users/sign-Up [36m304[0m 8.837 ms - -[0m
[0mGET /users/sign-In [36m304[0m 6.978 ms - -[0m
[0mGET /users/sign-Up [36m304[0m 10.200 ms - -[0m
[0mGET /users/auth/google [36m302[0m 12.917 ms - 0[0m
[0mGET /users/auth/google/callback?code=4%2F0gHss3CFgPIzHHOEddobJSrybDxaLJYOZ9IX3w2Zb5-Pltiw-l0HdtPp2hrmxcMeOV11XyZXkbWqVdolBILnFpE&scope=email+profile+https%3A%2F%2Fwww.googleapis.com%2Fauth%2Fuserinfo.profile+https%3A%2F%2Fwww.googleapis.com%2Fauth%2Fuserinfo.email+openid&authuser=0&prompt=consent [36m302[0m 1715.392 ms - 46[0m
[0mGET / [32m200[0m 53.823 ms - 6262[0m
[0mGET /users/profile [33m404[0m 9.426 ms - 152[0m
[0mGET /users/profile/5ea91f7c828be02b407271f6 [32m200[0m 54.881 ms - 2238[0m
[0mGET /users/profile/5ecd4b3b17a8cd3b2c6c0653 [32m200[0m 13.890 ms - 2655[0m
[0mGET /users/sign-Out [36m302[0m 6.706 ms - 46[0m
[0mGET / [32m200[0m 33.882 ms - 4449[0m
[0mGET /users/sign-In [36m304[0m 8.148 ms - -[0m
[0mGET /users/sign-Up [36m304[0m 8.369 ms - -[0m
[0mGET /users/auth/google [36m302[0m 6.150 ms - 0[0m
[0mGET /users/auth/google/callback?code=4%2F0gEqeygQhqCaz5h9-Y8PBCVRjGY7-7Sa6de7lxW10iFpWqlaMY-f6Jjz4Xw34esEhnW5FDgtN8Vd6qksqH4xWr4&scope=email+profile+https%3A%2F%2Fwww.googleapis.com%2Fauth%2Fuserinfo.profile+https%3A%2F%2Fwww.googleapis.com%2Fauth%2Fuserinfo.email+openid&authuser=0&prompt=consent [36m302[0m 1263.361 ms - 46[0m
[0mGET / [32m200[0m 27.547 ms - 6262[0m
[0mGET /users/profile/5ecd4b3b17a8cd3b2c6c0653 [36m304[0m 12.139 ms - -[0m
[0mGET /users/profile/5ecd4b3b17a8cd3b2c6c0653 [32m200[0m 17.213 ms - 2798[0m
[0mGET /users/profile/5ecd4b3b17a8cd3b2c6c0653 [36m304[0m 14.897 ms - -[0m
[0mGET /users/profile/5ecd4b3b17a8cd3b2c6c0653 [36m304[0m 13.053 ms - -[0m
[0mGET /users/profile/5ecd4b3b17a8cd3b2c6c0653 [36m304[0m 10.186 ms - -[0m
[0mGET /users/profile/5ecd4b3b17a8cd3b2c6c0653 [36m304[0m 101.925 ms - -[0m
[0mGET /users/sign-Out [36m302[0m 17.373 ms - 46[0m
[0mGET / [32m200[0m 57.649 ms - 4449[0m
[0mGET /users/sign-Up [36m304[0m 11.208 ms - -[0m
[0mGET /users/auth/google [36m302[0m 9.724 ms - 0[0m
[0mGET /users/auth/google/callback?code=4%2F0gERnJUP7ysVUF3FB2iyLdbqQHANAEQpH6va7a3Krl3zMdWy-tRzKZ3Y_h8Nbe5bOvcLN66XA6-8du2xlsELs6o&scope=email+profile+https%3A%2F%2Fwww.googleapis.com%2Fauth%2Fuserinfo.profile+https%3A%2F%2Fwww.googleapis.com%2Fauth%2Fuserinfo.email+openid&authuser=0&prompt=consent [36m302[0m 1579.310 ms - 46[0m
[0mGET / [32m200[0m 53.703 ms - 6262[0m
[0mGET /users/profile/5ecd4b3b17a8cd3b2c6c0653 [36m304[0m 21.974 ms - -[0m
[0mGET /users/profile/5ecd4b3b17a8cd3b2c6c0653 [32m200[0m 17.413 ms - 4443[0m
[0mGET /users/images/sign_up.jpg [33m404[0m 14.309 ms - 163[0m
[0mGET /users/profile/5ecd4b3b17a8cd3b2c6c0653 [32m200[0m 18.803 ms - 3259[0m
[0mGET /users/images/sign_up.jpg [33m404[0m 8.818 ms - 163[0m
[0mGET /users/auth/google/callback?code=4%2F0gHefHgFv98HzMCXwm8SzqKwz3xKujhwQM8GcKROddfrdJhdL8dEZjzTpqMO_cHN_fHHzlYoYm8E2Wm6vzn5xEc&scope=email+profile+https%3A%2F%2Fwww.googleapis.com%2Fauth%2Fuserinfo.profile+https%3A%2F%2Fwww.googleapis.com%2Fauth%2Fuserinfo.email+openid&authuser=0&prompt=consent [36m302[0m 1066.527 ms - 46[0m
[0mGET /favicon.ico [33m404[0m 13.370 ms - 150[0m
[0mGET /users/profile/5ecd4b3b17a8cd3b2c6c0653 [32m200[0m 43.123 ms - 3080[0m
[0mGET /users/images/sign_up.jpg [33m404[0m 13.078 ms - 163[0m
[0mGET /users/profile/5ecd4b3b17a8cd3b2c6c0653 [32m200[0m 82.660 ms - 3089[0m
[0mGET /users/profile/5ecd4b3b17a8cd3b2c6c0653 [32m200[0m 28.108 ms - 3253[0m
[0mGET /users/profile/5ecd4b3b17a8cd3b2c6c0653 [32m200[0m 21.710 ms - 3224[0m
[0mGET /users/profile/5ecd4b3b17a8cd3b2c6c0653 [36m304[0m 20.928 ms - -[0m
[0mGET /users/profile/5ecd4b3b17a8cd3b2c6c0653 [32m200[0m 23.613 ms - 3213[0m
[0mGET /users/profile/5ecd4b3b17a8cd3b2c6c0653 [32m200[0m 17.721 ms - 3199[0m
[0mGET /users/profile/5ecd4b3b17a8cd3b2c6c0653 [32m200[0m 22.687 ms - 3199[0m
[0mGET /users/profile/5ecd4b3b17a8cd3b2c6c0653 [32m200[0m 16.839 ms - 3171[0m
[0mGET /users/profile/5ecd4b3b17a8cd3b2c6c0653 [32m200[0m 18.186 ms - 3219[0m
[0mGET /users/profile/5ecd4b3b17a8cd3b2c6c0653 [32m200[0m 18.026 ms - 3220[0m
[0mGET /users/profile/5ecd4b3b17a8cd3b2c6c0653 [32m200[0m 18.472 ms - 3186[0m
[0mGET /users/profile/5ecd4b3b17a8cd3b2c6c0653 [32m200[0m 22.673 ms - 3177[0m
[0mGET /users/profile/5ecd4b3b17a8cd3b2c6c0653 [32m200[0m 17.268 ms - 3085[0m
[0mGET /users/profile/5ecd4b3b17a8cd3b2c6c0653 [32m200[0m 18.784 ms - 3136[0m
[0mGET /users/profile/5ecd4b3b17a8cd3b2c6c0653 [32m200[0m 20.360 ms - 3103[0m
[0mGET /users/profile/5ecd4b3b17a8cd3b2c6c0653 [32m200[0m 17.363 ms - 3112[0m
[0mGET /users/profile/5ecd4b3b17a8cd3b2c6c0653 [32m200[0m 16.733 ms - 3103[0m
[0mGET /users/profile/5ecd4b3b17a8cd3b2c6c0653 [32m200[0m 19.648 ms - 3090[0m
[0mGET /users/profile/5ecd4b3b17a8cd3b2c6c0653 [32m200[0m 18.517 ms - 2991[0m
[0mGET /users/profile/5ecd4b3b17a8cd3b2c6c0653 [32m200[0m 16.637 ms - 2986[0m
[0mGET /users/profile/5ecd4b3b17a8cd3b2c6c0653 [36m304[0m 20.063 ms - -[0m
[0mGET /users/profile/5ecd4b3b17a8cd3b2c6c0653 [36m304[0m 14.706 ms - -[0m
[0mGET /users/profile/5ecd4b3b17a8cd3b2c6c0653 [36m304[0m 16.312 ms - -[0m
[0mGET /users/profile/5ecd4b3b17a8cd3b2c6c0653 [36m304[0m 14.900 ms - -[0m
[0mGET /users/profile/5ecd4b3b17a8cd3b2c6c0653 [36m304[0m 13.798 ms - -[0m
[0mGET /users/profile/5ecd4b3b17a8cd3b2c6c0653 [36m304[0m 14.231 ms - -[0m
[0mGET /users/profile/5ecd4b3b17a8cd3b2c6c0653 [36m304[0m 12.555 ms - -[0m
[0mGET /users/profile/5ecd4b3b17a8cd3b2c6c0653 [36m304[0m 17.772 ms - -[0m
[0mGET / [32m200[0m 112.911 ms - 5956[0m
[0mGET /users/profile [33m404[0m 8.277 ms - 152[0m
[0mGET /users/sign-Out [36m302[0m 45.424 ms - 46[0m
[0mGET / [32m200[0m 18.332 ms - 4449[0m
[0mGET /users/sign-In [32m200[0m 39.936 ms - 3216[0m
[0mGET /users/sign-Up [36m304[0m 30.571 ms - -[0m
[0mGET /users/auth/google [36m302[0m 4.462 ms - 0[0m
[0mGET /users/auth/google/callback?code=4%2F0gEXORNFGKaY0HF5qW-vMeAIJqynjYjSQoyGAD5TrNeapDX0CxHTBdWiooK17KrQMlh7ipN3pGPZYM4CAdl38lM&scope=email+profile+https%3A%2F%2Fwww.googleapis.com%2Fauth%2Fuserinfo.profile+https%3A%2F%2Fwww.googleapis.com%2Fauth%2Fuserinfo.email+openid&authuser=0&prompt=consent [36m302[0m 873.275 ms - 46[0m
[0mGET / [32m200[0m 17.637 ms - 6262[0m
[0mGET /users/profile/5ea91f7c828be02b407271f6 [32m200[0m 42.854 ms - 2569[0m
[0mGET /users/profile/5ea91f7c828be02b407271f6 [36m304[0m 9.654 ms - -[0m
[0mGET /users/profile/5ea91f7c828be02b407271f6 [36m304[0m 9.264 ms - -[0m
[0mGET /users/profile/5ea91f7c828be02b407271f6 [36m304[0m 7.714 ms - -[0m
[0mGET /users/sign-Out [36m302[0m 4.361 ms - 46[0m
[0mGET / [32m200[0m 15.194 ms - 4449[0m
[0mGET /users/profile/5ea91f7c828be02b407271f6 [36m302[0m 2.224 ms - 72[0m
[0mGET /users/sign-In [36m304[0m 5.579 ms - -[0m
[0mGET /users/auth/google [36m302[0m 3.657 ms - 0[0m
[0mGET /users/auth/google/callback?code=4%2F0gGgJ7jLysiCS_E7H0BWtCjThRc6gN1ELWfjvc6rG-iD_tlI87HznZknLJF_paT12l93RaJ6Z2hF0myfAOXkz3A&scope=email+profile+https%3A%2F%2Fwww.googleapis.com%2Fauth%2Fuserinfo.profile+https%3A%2F%2Fwww.googleapis.com%2Fauth%2Fuserinfo.email+openid&authuser=0&prompt=consent [36m302[0m 692.311 ms - 46[0m
[0mGET / [32m200[0m 14.328 ms - 6262[0m
[0mGET /users/profile/5ea91f7c828be02b407271f6 [32m200[0m 4.962 ms - 2569[0m
[0mGET /users/friends/?from=5ecd4b3b17a8cd3b2c6c0653&to=5ea91f7c828be02b407271f6 [36m302[0m 25.354 ms - 164[0m
[0mGET /users/profile/5ea91f7c828be02b407271f6 [36m304[0m 5.372 ms - -[0m
[0mGET /users/profile [33m404[0m 5.368 ms - 152[0m
[0mGET /users/sign-Out [36m302[0m 5.514 ms - 46[0m
[0mGET / [32m200[0m 15.303 ms - 4449[0m
[0mGET /users/profile/5ecd4b3b17a8cd3b2c6c0653 [36m302[0m 2.549 ms - 72[0m
[0mGET /users/sign-In [36m304[0m 3.165 ms - -[0m
[0mGET /users/sign-In [36m304[0m 4.972 ms - -[0m
[0mGET /users/auth/google [36m302[0m 2.810 ms - 0[0m
[0mGET /users/auth/google/callback?code=4%2F0gGyQeEzUSAw00Q8BvRx2FClh5tptEwUi7FgEm_hcTZcWgU03uiz5fMivIRu83RY_59Y9-JsNmJ-hTGqn3Yc4qA&scope=email+profile+https%3A%2F%2Fwww.googleapis.com%2Fauth%2Fuserinfo.profile+https%3A%2F%2Fwww.googleapis.com%2Fauth%2Fuserinfo.email+openid&authuser=0&prompt=consent [36m302[0m 777.527 ms - 46[0m
[0mGET / [32m200[0m 11.177 ms - 6262[0m
[0mGET /users/profile/5ecd4b3b17a8cd3b2c6c0653 [32m200[0m 9.443 ms - 2986[0m
[0mGET /users/profile/5ecd4b3b17a8cd3b2c6c0653 [32m200[0m 43.946 ms - 2988[0m
[0mGET /users/sign-Out [36m302[0m 6.632 ms - 46[0m
[0mGET / [32m200[0m 31.927 ms - 4449[0m
[0mGET /users/sign-In [36m304[0m 9.172 ms - -[0m
[0mGET /users/sign-In [32m200[0m 11.103 ms - 3321[0m
[0mGET /users/sign-In [32m200[0m 10.796 ms - 3318[0m
[0mGET /users/sign-In [32m200[0m 9.497 ms - 3319[0m
[0mGET /users/sign-In [32m200[0m 11.962 ms - 3278[0m
[0mGET /users/sign-In [32m200[0m 10.849 ms - 3201[0m
