[0mGET /users/sign-In [32m200[0m 3.676 ms - 3799[0m
[0mGET /users/css/layout.css [33m404[0m 1.666 ms - 159[0m
[0mGET /users/css/header.css [33m404[0m 6.285 ms - 159[0m
[0mGET /users/css/footer.css [33m404[0m 2.149 ms - 159[0m
[0mGET /users/sign-In [32m200[0m 5.778 ms - 3808[0m
[0mGET /users/css/layout.css [33m404[0m 6.039 ms - 159[0m
[0mGET /users/css/header.css [33m404[0m 3.920 ms - 159[0m
[0mGET /users/css/footer.css [33m404[0m 3.792 ms - 159[0m
[0mGET /users/sign-In [32m200[0m 5.309 ms - 3808[0m
[0mGET /users/css/layout.css [33m404[0m 6.870 ms - 159[0m
[0mGET /users/css/header.css [33m404[0m 3.529 ms - 159[0m
[0mGET /users/css/footer.css [33m404[0m 4.410 ms - 159[0m
[0mGET /users/sign-In [36m304[0m 3.086 ms - -[0m
[0mGET /users/css/layout.css [33m404[0m 5.714 ms - 159[0m
[0mGET /users/css/header.css [33m404[0m 6.539 ms - 159[0m
[0mGET /users/css/footer.css [33m404[0m 5.156 ms - 159[0m
[0mGET /users/sign-In [36m304[0m 8.189 ms - -[0m
[0mGET /users/css/layout.css [33m404[0m 3.659 ms - 159[0m
[0mGET /users/css/header.css [33m404[0m 5.727 ms - 159[0m
[0mGET /users/css/footer.css [33m404[0m 5.354 ms - 159[0m
[0mGET /users/sign-In [36m304[0m 5.144 ms - -[0m
[0mGET /users/css/layout.css [33m404[0m 5.732 ms - 159[0m
[0mGET /users/css/header.css [33m404[0m 6.497 ms - 159[0m
[0mGET /users/css/footer.css [33m404[0m 6.191 ms - 159[0m
[0mGET /users/sign-In [36m304[0m 7.131 ms - -[0m
[0mGET /users/css/layout.css [33m404[0m 5.189 ms - 159[0m
[0mGET /users/css/header.css [33m404[0m 5.220 ms - 159[0m
[0mGET /users/css/footer.css [33m404[0m 3.915 ms - 159[0m
[0mGET /users/sign-In [36m304[0m 2.641 ms - -[0m
[0mGET /users/css/layout.css [33m404[0m 2.145 ms - 159[0m
[0mGET /users/css/header.css [33m404[0m 3.455 ms - 159[0m
[0mGET /users/css/footer.css [33m404[0m 3.650 ms - 159[0m
[0mGET /action_page.php?email=nehasingla7180%40gmail.com&password=9h%40HvavsjDNvTMz [33m404[0m 1.349 ms - 154[0m
[0mGET /users/sign-In [36m304[0m 4.525 ms - -[0m
[0mGET /users/css/layout.css [33m404[0m 7.934 ms - 159[0m
[0mGET /users/css/header.css [33m404[0m 1.929 ms - 159[0m
[0mGET /users/css/footer.css [33m404[0m 2.782 ms - 159[0m
[0mGET /users/sign-In [36m304[0m 3.395 ms - -[0m
[0mGET /users/css/layout.css [33m404[0m 3.891 ms - 159[0m
[0mGET /users/css/header.css [33m404[0m 2.279 ms - 159[0m
[0mGET /users/css/footer.css [33m404[0m 3.215 ms - 159[0m
[0mGET /users/sign-In [32m200[0m 5.690 ms - 3817[0m
[0mGET /users/css/layout.css [33m404[0m 7.440 ms - 159[0m
[0mGET /users/css/header.css [33m404[0m 8.093 ms - 159[0m
[0mGET /users/css/footer.css [33m404[0m 3.707 ms - 159[0m
[0mGET /users/sign-Up [36m304[0m 4.308 ms - -[0m
[0mGET /users/css/layout.css [33m404[0m 2.361 ms - 159[0m
[0mGET /users/css/header.css [33m404[0m 1.954 ms - 159[0m
[0mGET /users/css/footer.css [33m404[0m 1.949 ms - 159[0m
[0mGET /users/auth/google [36m302[0m 3.215 ms - 0[0m
[0mGET /users/auth/google/callback?code=4%2F0gGTAX5oL0-U9asn6s8CIfP55XcDyePrvhLD7ilvmvjOOTMReTVO373RZQGcbcOLxVWon4SXpMtoGY0s5Tsm56M&scope=email+profile+https%3A%2F%2Fwww.googleapis.com%2Fauth%2Fuserinfo.profile+https%3A%2F%2Fwww.googleapis.com%2Fauth%2Fuserinfo.email+openid&authuser=0&prompt=none [36m302[0m 667.231 ms - 46[0m
[0mGET / [32m200[0m 15.038 ms - 9671[0m
[0mGET /users/sign-In [36m302[0m 8.214 ms - 72[0m
[0mGET /users/profile [33m404[0m 5.869 ms - 152[0m
[0mGET /users/sign-Out [36m302[0m 8.014 ms - 46[0m
[0mGET / [32m200[0m 33.499 ms - 6128[0m
[0mGET /users/sign-In [32m200[0m 7.151 ms - 3817[0m
[0mGET /users/css/layout.css [33m404[0m 12.561 ms - 159[0m
[0mGET /users/css/header.css [33m404[0m 5.508 ms - 159[0m
[0mGET /users/css/footer.css [33m404[0m 5.892 ms - 159[0m
[0mGET / [32m200[0m 157.718 ms - 5825[0m
[0mGET /favicon.ico [33m404[0m 10.738 ms - 150[0m
[0mGET /users/sign-In [36m304[0m 13.309 ms - -[0m
[0mGET /users/css/layout.css [33m404[0m 31.381 ms - 159[0m
[0mGET /users/css/footer.css [33m404[0m 10.188 ms - 159[0m
[0mGET /users/css/header.css [33m404[0m 21.565 ms - 159[0m
[0mGET /users/css/layout.css [33m404[0m 3.914 ms - 159[0m
[0mGET /users/sign-Up [36m304[0m 12.000 ms - -[0m
[0mGET /users/css/layout.css [33m404[0m 6.539 ms - 159[0m
[0mGET /users/css/header.css [33m404[0m 9.114 ms - 159[0m
[0mGET /users/css/footer.css [33m404[0m 6.923 ms - 159[0m
[0mGET /users/sign-Up [36m304[0m 10.725 ms - -[0m
[0mGET /users/css/layout.css [33m404[0m 8.249 ms - 159[0m
[0mGET /users/css/header.css [33m404[0m 12.175 ms - 159[0m
[0mGET /users/css/footer.css [33m404[0m 5.923 ms - 159[0m
[0mGET /users/sign-Up [36m304[0m 8.816 ms - -[0m
[0mGET /users/css/layout.css [33m404[0m 5.961 ms - 159[0m
[0mGET /users/css/header.css [33m404[0m 7.322 ms - 159[0m
[0mGET /users/css/footer.css [33m404[0m 6.666 ms - 159[0m
[0mGET /users/sign-Up [32m200[0m 8.732 ms - 3293[0m
[0mGET /users/css/layout.css [33m404[0m 6.867 ms - 159[0m
[0mGET /users/style.css [33m404[0m 26.119 ms - 154[0m
[0mGET /users/css/header.css [33m404[0m 8.720 ms - 159[0m
[0mGET /users/css/footer.css [33m404[0m 8.951 ms - 159[0m
[0mGET /users/script.js [33m404[0m 23.185 ms - 154[0m
[0mGET /users/sign-Up [32m200[0m 7.696 ms - 3305[0m
[0mGET /users/css/layout.css [33m404[0m 20.494 ms - 159[0m
[0mGET /users/css/header.css [33m404[0m 19.936 ms - 159[0m
[0mGET /users/css/footer.css [33m404[0m 19.311 ms - 159[0m
[0mGET /users/script.js [33m404[0m 6.495 ms - 154[0m
[0mGET /users/sign-Up [32m200[0m 8.791 ms - 3315[0m
[0mGET /users/css/layout.css [33m404[0m 20.871 ms - 159[0m
[0mGET /users/css/header.css [33m404[0m 20.834 ms - 159[0m
[0mGET /users/css/footer.css [33m404[0m 10.890 ms - 159[0m
[0mGET /users/script.js [33m404[0m 12.077 ms - 154[0m
[0mGET /users/script.js [33m404[0m 5.822 ms - 154[0m
[0mGET /users/sign-Up [32m200[0m 6.587 ms - 3315[0m
[0mGET /users/css/layout.css [33m404[0m 23.576 ms - 159[0m
[0mGET /users/css/header.css [33m404[0m 20.112 ms - 159[0m
[0mGET /users/css/footer.css [33m404[0m 21.402 ms - 159[0m
[0mGET /users/script.js [33m404[0m 6.344 ms - 154[0m
[0mGET /users/css/layout.css [33m404[0m 2.759 ms - 159[0m
[0mGET /users/sign-Up [32m200[0m 7.721 ms - 3313[0m
[0mGET /users/css/layout.css [33m404[0m 27.614 ms - 159[0m
[0mGET /users/css/header.css [33m404[0m 31.085 ms - 159[0m
[0mGET /users/css/footer.css [33m404[0m 5.760 ms - 159[0m
[0mGET /users/script.js [33m404[0m 7.249 ms - 154[0m
[0mGET /users/script.js [33m404[0m 4.465 ms - 154[0m
[0mGET /users/sign-Up [36m304[0m 10.122 ms - -[0m
[0mGET /users/css/layout.css [33m404[0m 37.232 ms - 159[0m
[0mGET /users/css/header.css [33m404[0m 38.711 ms - 159[0m
[0mGET /users/css/footer.css [33m404[0m 5.528 ms - 159[0m
[0mGET /users/script.js [33m404[0m 7.141 ms - 154[0m
[0mGET /users/sign-Up? [32m200[0m 9.635 ms - 3313[0m
[0mGET /users/css/layout.css [33m404[0m 9.100 ms - 159[0m
[0mGET /users/css/header.css [33m404[0m 9.923 ms - 159[0m
[0mGET /users/css/footer.css [33m404[0m 12.724 ms - 159[0m
[0mGET /users/script.js [33m404[0m 7.376 ms - 154[0m
[0mGET /users/sign-Up? [36m304[0m 7.022 ms - -[0m
[0mGET /users/css/layout.css [33m404[0m 7.323 ms - 159[0m
[0mGET /users/css/header.css [33m404[0m 7.274 ms - 159[0m
[0mGET /users/css/footer.css [33m404[0m 7.442 ms - 159[0m
[0mGET /users/script.js [33m404[0m 8.964 ms - 154[0m
[0mGET /users/sign-Up? [32m200[0m 44.088 ms - 3323[0m
[0mGET /users/css/layout.css [33m404[0m 22.467 ms - 159[0m
[0mGET /users/css/header.css [33m404[0m 80.091 ms - 159[0m
[0mGET /users/css/footer.css [33m404[0m 62.835 ms - 159[0m
[0mGET / [36m304[0m 186.779 ms - -[0m
[0mGET /favicon.ico [33m404[0m 8.933 ms - 150[0m
[0mGET /users/sign-In [36m304[0m 47.968 ms - -[0m
[0mGET /users/css/layout.css [33m404[0m 36.695 ms - 159[0m
[0mGET /users/css/header.css [33m404[0m 37.907 ms - 159[0m
[0mGET /users/css/footer.css [33m404[0m 80.388 ms - 159[0m
[0mGET /users/sign-In [32m200[0m 11.922 ms - 3713[0m
[0mGET /users/css/layout.css [33m404[0m 4.537 ms - 159[0m
[0mGET /users/css/header.css [33m404[0m 10.233 ms - 159[0m
[0mGET /users/css/footer.css [33m404[0m 6.753 ms - 159[0m
[0mGET /users/sign-In [32m200[0m 6.364 ms - 3731[0m
[0mGET /users/css/layout.css [33m404[0m 29.741 ms - 159[0m
[0mGET /users/css/header.css [33m404[0m 6.619 ms - 159[0m
[0mGET /users/css/footer.css [33m404[0m 11.092 ms - 159[0m
[0mGET /users/sign-In [32m200[0m 5.738 ms - 3713[0m
[0mGET /users/css/layout.css [33m404[0m 23.099 ms - 159[0m
[0mGET /users/css/header.css [33m404[0m 26.451 ms - 159[0m
[0mGET /users/css/footer.css [33m404[0m 7.992 ms - 159[0m
[0mGET /users/sign-Up [32m200[0m 6.931 ms - 3323[0m
[0mGET /users/css/layout.css [33m404[0m 28.000 ms - 159[0m
[0mGET /users/css/header.css [33m404[0m 41.724 ms - 159[0m
[0mGET /users/css/footer.css [33m404[0m 16.892 ms - 159[0m
[0mGET /users/sign-Up [32m200[0m 8.980 ms - 3316[0m
[0mGET /users/css/layout.css [33m404[0m 4.131 ms - 159[0m
[0mGET /users/css/header.css [33m404[0m 4.512 ms - 159[0m
[0mGET /users/css/footer.css [33m404[0m 5.024 ms - 159[0m
[0mGET /users/sign-Up [36m304[0m 8.447 ms - -[0m
[0mGET /users/css/layout.css [33m404[0m 20.723 ms - 159[0m
[0mGET /users/css/header.css [33m404[0m 20.502 ms - 159[0m
[0mGET /users/css/footer.css [33m404[0m 20.411 ms - 159[0m
[0mGET /users/sign-Up [32m200[0m 9.830 ms - 3323[0m
[0mGET /users/css/layout.css [33m404[0m 38.513 ms - 159[0m
[0mGET /users/css/header.css [33m404[0m 41.074 ms - 159[0m
[0mGET /users/css/footer.css [33m404[0m 11.338 ms - 159[0m
[0mGET /users/sign-Up [32m200[0m 45.676 ms - 3377[0m
[0mGET /users/css/layout.css [33m404[0m 17.540 ms - 159[0m
[0mGET /users/css/header.css [33m404[0m 53.638 ms - 159[0m
[0mGET /users/css/footer.css [33m404[0m 47.747 ms - 159[0m
[0mGET /users/sign-Up [36m304[0m 13.181 ms - -[0m
[0mGET /users/css/layout.css [33m404[0m 17.617 ms - 159[0m
[0mGET /users/css/header.css [33m404[0m 17.132 ms - 159[0m
[0mGET /users/css/footer.css [33m404[0m 16.319 ms - 159[0m
[0mGET /users/sign-Up [36m304[0m 7.691 ms - -[0m
[0mGET /users/css/layout.css [33m404[0m 33.339 ms - 159[0m
[0mGET /users/css/header.css [33m404[0m 38.792 ms - 159[0m
[0mGET /users/css/footer.css [33m404[0m 8.247 ms - 159[0m
[0mGET /users/sign-Up [32m200[0m 12.915 ms - 3369[0m
[0mGET /users/css/layout.css [33m404[0m 18.687 ms - 159[0m
[0mGET /users/css/header.css [33m404[0m 40.799 ms - 159[0m
[0mGET /users/css/footer.css [33m404[0m 10.263 ms - 159[0m
[0mGET /users/sign-Up [36m304[0m 30.287 ms - -[0m
[0mGET /users/css/layout.css [33m404[0m 16.148 ms - 159[0m
[0mGET /users/css/header.css [33m404[0m 67.004 ms - 159[0m
[0mGET /users/css/footer.css [33m404[0m 82.436 ms - 159[0m
[0mGET /users/css/layout.css [33m404[0m 12.206 ms - 159[0m
[0mGET /users/css/header.css [33m404[0m 15.651 ms - 159[0m
[0mGET /users/css/footer.css [33m404[0m 9.143 ms - 159[0m
[0mGET /users/sign-In [36m304[0m 54.242 ms - -[0m
[0mGET /users/css/layout.css [33m404[0m 11.723 ms - 159[0m
[0mGET /users/css/header.css [33m404[0m 33.191 ms - 159[0m
[0mGET /users/css/footer.css [33m404[0m 26.725 ms - 159[0m
[0mGET /users/auth/google [36m302[0m 8.865 ms - 0[0m
[0mGET /users/auth/google/callback?code=4%2F0gFZOb9CtZItWbxI4HIwK72YNxPla8iyWn1oEzcQPfvkR1ju2UwsmxrSTndHgBM6VYKA3VCkCVyLxEE2u8ooSeI&scope=email+profile+https%3A%2F%2Fwww.googleapis.com%2Fauth%2Fuserinfo.profile+https%3A%2F%2Fwww.googleapis.com%2Fauth%2Fuserinfo.email+openid&authuser=0&prompt=none [36m302[0m 1348.326 ms - 46[0m
[0mGET / [32m200[0m 85.909 ms - 9671[0m
[0mGET /posts/destroy/5ed20bdbd9afd12f6459d43e [32m200[0m 46.791 ms - 72[0m
[0mGET /posts/destroy/5ed20bdbd9afd12f6459d43e [36m302[0m 12.078 ms - 88[0m
[0mGET / [32m200[0m 43.085 ms - 7579[0m
[0mGET /posts/destroy/5ecfe1ac7f78b0324038d488 [32m200[0m 24.572 ms - 72[0m
[0mGET /posts/destroy/5ecfe1ac7f78b0324038d488 [36m302[0m 9.742 ms - 88[0m
[0mGET / [32m200[0m 41.143 ms - 5959[0m
[0mGET /users/sign-Out [36m302[0m 6.987 ms - 46[0m
[0mGET / [32m200[0m 43.775 ms - 4199[0m
[0mGET /users/sign-In [36m304[0m 10.564 ms - -[0m
[0mGET /users/css/layout.css [33m404[0m 11.070 ms - 159[0m
[0mGET /users/css/header.css [33m404[0m 10.866 ms - 159[0m
[0mGET /users/css/footer.css [33m404[0m 12.217 ms - 159[0m
[0mGET / [32m200[0m 92.725 ms - 3896[0m
[0mGET /favicon.ico [33m404[0m 5.197 ms - 150[0m
[0mGET / [32m200[0m 27.329 ms - 2536[0m
[0mGET /users/sign-In [32m200[0m 9.481 ms - 3747[0m
[0mGET /users/css/layout.css [33m404[0m 6.062 ms - 159[0m
[0mGET /users/css/header.css [33m404[0m 7.694 ms - 159[0m
[0mGET /users/css/footer.css [33m404[0m 8.016 ms - 159[0m
[0mGET /users/sign-In [32m200[0m 17.877 ms - 3128[0m
[0mGET /users/css/layout.css [33m404[0m 13.677 ms - 159[0m
[0mGET /users/css/footer.css [33m404[0m 22.581 ms - 159[0m
[0mGET /users/css/header.css [33m404[0m 23.961 ms - 159[0m
[0mGET /users/sign-In [36m304[0m 10.265 ms - -[0m
[0mGET /users/css/layout.css [33m404[0m 10.844 ms - 159[0m
[0mGET /users/css/header.css [33m404[0m 12.018 ms - 159[0m
[0mGET /users/css/footer.css [33m404[0m 4.830 ms - 159[0m
[0mGET /users/sign-In [36m304[0m 3.895 ms - -[0m
[0mGET /users/css/layout.css [33m404[0m 13.418 ms - 159[0m
[0mGET /users/css/header.css [33m404[0m 2.567 ms - 159[0m
[0mGET /users/css/footer.css [33m404[0m 4.034 ms - 159[0m
[0mGET /users/css/layout.css [33m404[0m 2.462 ms - 159[0m
[0mGET /users/sign-In [32m200[0m 3.153 ms - 3233[0m
[0mGET /users/css/layout.css [33m404[0m 2.505 ms - 159[0m
[0mGET /users/css/header.css [33m404[0m 1.874 ms - 159[0m
[0mGET /users/css/footer.css [33m404[0m 2.282 ms - 159[0m
[0mGET /users/css/layout.css [33m404[0m 1.454 ms - 159[0m
[0mGET /users/css/header.css [33m404[0m 1.834 ms - 159[0m
[0mGET /users/css/footer.css [33m404[0m 1.916 ms - 159[0m
[0mGET /users/sign-In [32m200[0m 3.841 ms - 3258[0m
[0mGET /users/css/layout.css [33m404[0m 11.794 ms - 159[0m
[0mGET /users/css/header.css [33m404[0m 5.808 ms - 159[0m
[0mGET /users/css/footer.css [33m404[0m 3.493 ms - 159[0m
[0mGET /users/css/layout.css [33m404[0m 1.435 ms - 159[0m
[0mGET /users/css/header.css [33m404[0m 1.664 ms - 159[0m
[0mGET /users/css/footer.css [33m404[0m 1.753 ms - 159[0m
[0mGET /users/sign-In [36m304[0m 7.601 ms - -[0m
[0mGET /users/css/layout.css [33m404[0m 9.085 ms - 159[0m
[0mGET /users/css/header.css [33m404[0m 1.848 ms - 159[0m
[0mGET /users/css/footer.css [33m404[0m 2.462 ms - 159[0m
[0mGET /users/css/layout.css [33m404[0m 2.237 ms - 159[0m
[0mGET /users/css/header.css [33m404[0m 4.198 ms - 159[0m
[0mGET /users/css/footer.css [33m404[0m 4.714 ms - 159[0m
[0mGET /users/sign-Up [36m304[0m 40.557 ms - -[0m
[0mGET /users/css/layout.css [33m404[0m 8.102 ms - 159[0m
[0mGET /users/css/header.css [33m404[0m 7.173 ms - 159[0m
[0mGET /users/css/footer.css [33m404[0m 9.515 ms - 159[0m
[0mGET /users/sign-In [32m200[0m 16.006 ms - 3258[0m
[0mGET /users/css/header.css [33m404[0m 17.961 ms - 159[0m
[0mGET /users/css/footer.css [33m404[0m 15.514 ms - 159[0m
[0mGET /users/css/layout.css [33m404[0m 16.730 ms - 159[0m
[0mGET /users/sign-In [36m304[0m 9.743 ms - -[0m
[0mGET /users/css/layout.css [33m404[0m 11.483 ms - 159[0m
[0mGET /users/css/header.css [33m404[0m 12.584 ms - 159[0m
[0mGET /users/css/footer.css [33m404[0m 5.342 ms - 159[0m
[0mGET /users/sign-In [36m304[0m 5.416 ms - -[0m
[0mGET /users/css/layout.css [33m404[0m 4.559 ms - 159[0m
[0mGET /users/css/header.css [33m404[0m 5.541 ms - 159[0m
[0mGET /users/css/footer.css [33m404[0m 7.899 ms - 159[0m
[0mGET /users/sign-In [32m200[0m 4.779 ms - 3247[0m
[0mGET /users/css/layout.css [33m404[0m 7.273 ms - 159[0m
[0mGET /users/css/header.css [33m404[0m 6.506 ms - 159[0m
[0mGET /users/css/footer.css [33m404[0m 5.344 ms - 159[0m
[0mGET /users/sign-In [32m200[0m 6.991 ms - 3247[0m
[0mGET /users/css/layout.css [33m404[0m 7.909 ms - 159[0m
[0mGET /users/css/header.css [33m404[0m 8.950 ms - 159[0m
[0mGET /users/css/footer.css [33m404[0m 4.663 ms - 159[0m
[0mGET /users/sign-In [36m304[0m 7.405 ms - -[0m
[0mGET /users/css/layout.css [33m404[0m 4.924 ms - 159[0m
[0mGET /users/css/header.css [33m404[0m 4.794 ms - 159[0m
[0mGET /users/css/footer.css [33m404[0m 5.118 ms - 159[0m
[0mGET /users/sign-In [36m304[0m 4.491 ms - -[0m
[0mGET /users/css/layout.css [33m404[0m 5.166 ms - 159[0m
[0mGET /users/css/header.css [33m404[0m 4.040 ms - 159[0m
[0mGET /users/css/footer.css [33m404[0m 4.839 ms - 159[0m
[0mGET /users/sign-In [36m304[0m 3.354 ms - -[0m
[0mGET /users/css/layout.css [33m404[0m 4.261 ms - 159[0m
[0mGET /users/css/header.css [33m404[0m 4.824 ms - 159[0m
[0mGET /users/css/footer.css [33m404[0m 7.125 ms - 159[0m
[0mGET /users/sign-In [36m304[0m 3.690 ms - -[0m
[0mGET /users/css/layout.css [33m404[0m 1.940 ms - 159[0m
[0mGET /users/css/header.css [33m404[0m 2.136 ms - 159[0m
[0mGET /users/css/footer.css [33m404[0m 2.646 ms - 159[0m
[0mGET /users/sign-In [36m304[0m 2.508 ms - -[0m
[0mGET /users/css/layout.css [33m404[0m 4.062 ms - 159[0m
[0mGET /users/css/header.css [33m404[0m 4.335 ms - 159[0m
[0mGET /users/css/footer.css [33m404[0m 4.924 ms - 159[0m
[0mGET /users/sign-In [36m304[0m 3.921 ms - -[0m
[0mGET /users/css/layout.css [33m404[0m 3.460 ms - 159[0m
[0mGET /users/css/header.css [33m404[0m 3.456 ms - 159[0m
[0mGET /users/css/footer.css [33m404[0m 4.103 ms - 159[0m
[0mGET /users/sign-In [32m200[0m 4.106 ms - 3256[0m
[0mGET /users/css/layout.css [33m404[0m 4.420 ms - 159[0m
[0mGET /users/css/header.css [33m404[0m 4.659 ms - 159[0m
[0mGET /users/css/footer.css [33m404[0m 6.377 ms - 159[0m
[0mGET /users/sign-In [32m200[0m 3.938 ms - 3322[0m
[0mGET /users/css/layout.css [33m404[0m 4.454 ms - 159[0m
[0mGET /users/css/header.css [33m404[0m 4.715 ms - 159[0m
[0mGET /users/css/footer.css [33m404[0m 5.040 ms - 159[0m
[0mGET /users/nn.jpg [33m404[0m 2.007 ms - 151[0m
[0mGET /users/sign-In [32m200[0m 7.346 ms - 3367[0m
[0mGET /users/css/layout.css [33m404[0m 5.375 ms - 159[0m
[0mGET /users/css/header.css [33m404[0m 6.529 ms - 159[0m
[0mGET /users/css/footer.css [33m404[0m 7.058 ms - 159[0m
[0mGET /users/sign-In [36m304[0m 4.534 ms - -[0m
[0mGET /users/css/layout.css [33m404[0m 1.864 ms - 159[0m
[0mGET /users/css/header.css [33m404[0m 1.699 ms - 159[0m
[0mGET /users/css/footer.css [33m404[0m 2.296 ms - 159[0m
[0mGET /users/sign-In [36m304[0m 4.033 ms - -[0m
[0mGET /users/css/footer.css [33m404[0m 5.647 ms - 159[0m
[0mGET /users/css/layout.css [33m404[0m 3.947 ms - 159[0m
[0mGET /users/css/header.css [33m404[0m 4.682 ms - 159[0m
[0mGET /users/sign-In [32m200[0m 4.886 ms - 3254[0m
[0mGET /users/css/layout.css [33m404[0m 1.879 ms - 159[0m
[0mGET /users/css/header.css [33m404[0m 1.867 ms - 159[0m
[0mGET /users/css/footer.css [33m404[0m 1.848 ms - 159[0m
[0mGET /users/sign-In [32m200[0m 2.642 ms - 3255[0m
[0mGET /users/css/layout.css [33m404[0m 2.420 ms - 159[0m
[0mGET /users/css/header.css [33m404[0m 4.089 ms - 159[0m
[0mGET /users/css/footer.css [33m404[0m 5.950 ms - 159[0m
[0mGET /users/sign-In [32m200[0m 4.041 ms - 3255[0m
[0mGET /users/css/layout.css [33m404[0m 2.882 ms - 159[0m
[0mGET /users/css/header.css [33m404[0m 3.210 ms - 159[0m
[0mGET /users/css/footer.css [33m404[0m 3.500 ms - 159[0m
[0mGET /users/sign-In [36m304[0m 4.968 ms - -[0m
[0mGET /users/css/layout.css [33m404[0m 1.798 ms - 159[0m
[0mGET /users/css/header.css [33m404[0m 1.709 ms - 159[0m
[0mGET /users/css/footer.css [33m404[0m 2.004 ms - 159[0m
[0mGET / [36m304[0m 95.671 ms - -[0m
[0mGET /favicon.ico [33m404[0m 9.629 ms - 150[0m
[0mGET /users/sign-In [36m304[0m 11.635 ms - -[0m
[0mGET /users/css/layout.css [33m404[0m 90.658 ms - 159[0m
[0mGET /users/css/footer.css [33m404[0m 94.102 ms - 159[0m
[0mGET /users/css/header.css [33m404[0m 98.588 ms - 159[0m
[0mGET / [32m200[0m 139.687 ms - 3896[0m
[0mGET /favicon.ico [33m404[0m 7.204 ms - 150[0m
[0mGET /users/sign-In [32m200[0m 13.990 ms - 3255[0m
[0mGET /users/css/layout.css [33m404[0m 20.325 ms - 159[0m
[0mGET /users/css/header.css [33m404[0m 44.662 ms - 159[0m
[0mGET /users/css/footer.css [33m404[0m 43.667 ms - 159[0m
[0mGET /users/sign-In [32m200[0m 11.155 ms - 3255[0m
[0mGET /users/css/layout.css [33m404[0m 24.675 ms - 159[0m
[0mGET /users/css/header.css [33m404[0m 29.532 ms - 159[0m
[0mGET /users/css/footer.css [33m404[0m 7.401 ms - 159[0m
[0mGET /users/css/layout.css [33m404[0m 16.460 ms - 159[0m
[0mGET /users/css/header.css [33m404[0m 6.192 ms - 159[0m
[0mGET /users/css/footer.css [33m404[0m 7.109 ms - 159[0m
[0mGET /users/sign-In [32m200[0m 8.049 ms - 3185[0m
[0mGET /users/css/layout.css [33m404[0m 43.194 ms - 159[0m
[0mGET /users/css/header.css [33m404[0m 11.406 ms - 159[0m
[0mGET /users/css/footer.css [33m404[0m 11.226 ms - 159[0m
[0mGET /users/sign-In [32m200[0m 7.846 ms - 3196[0m
[0mGET /users/css/layout.css [33m404[0m 11.271 ms - 159[0m
[0mGET /users/css/header.css [33m404[0m 13.211 ms - 159[0m
[0mGET /users/css/footer.css [33m404[0m 10.268 ms - 159[0m
[0mGET /users/sign-In [36m304[0m 10.567 ms - -[0m
[0mGET /users/css/layout.css [33m404[0m 6.060 ms - 159[0m
[0mGET /users/css/header.css [33m404[0m 7.826 ms - 159[0m
[0mGET /users/css/footer.css [33m404[0m 10.327 ms - 159[0m
[0mGET /users/sign-In [32m200[0m 8.692 ms - 3151[0m
[0mGET /users/css/layout.css [33m404[0m 24.328 ms - 159[0m
[0mGET /users/css/header.css [33m404[0m 5.499 ms - 159[0m
[0mGET /users/css/footer.css [33m404[0m 8.386 ms - 159[0m
[0mGET /users/login_image.jpg [33m404[0m 3.825 ms - 160[0m
[0mGET /users/sign-In [32m200[0m 6.533 ms - 3152[0m
[0mGET /users/css/layout.css [33m404[0m 42.308 ms - 159[0m
[0mGET /users/css/header.css [33m404[0m 29.025 ms - 159[0m
[0mGET /users/css/footer.css [33m404[0m 11.383 ms - 159[0m
[0mGET /login_image.jpg [33m404[0m 9.146 ms - 154[0m
[0mGET /users/css/layout.css [33m404[0m 8.008 ms - 159[0m
[0mGET /users/css/header.css [33m404[0m 11.949 ms - 159[0m
[0mGET /users/css/footer.css [33m404[0m 15.904 ms - 159[0m
[0mGET /users/auth/google [36m302[0m 8.749 ms - 0[0m
[0mGET /users/auth/google/callback?code=4%2F0gFtNx8Dg0TR07BdiPem4TSU2ILLwb6EwhSCgTw9Rvwf61uCdL8T_MiaeDvbx1LleqX_yJKvWT6TFPQ7S0mAbmU&scope=email+profile+https%3A%2F%2Fwww.googleapis.com%2Fauth%2Fuserinfo.profile+https%3A%2F%2Fwww.googleapis.com%2Fauth%2Fuserinfo.email+openid&authuser=0&prompt=none [36m302[0m 1401.118 ms - 46[0m
[0mGET / [32m200[0m 55.956 ms - 6012[0m
[0mGET /users/sign-Out [36m302[0m 8.825 ms - 46[0m
[0mGET / [32m200[0m 39.899 ms - 4199[0m
[0mGET /users/sign-In [36m304[0m 11.282 ms - -[0m
[0mGET /users/css/layout.css [33m404[0m 33.763 ms - 159[0m
[0mGET /users/css/header.css [33m404[0m 12.874 ms - 159[0m
[0mGET /users/css/footer.css [33m404[0m 11.507 ms - 159[0m
[0mGET /login_image.jpg [33m404[0m 4.166 ms - 154[0m
[0mGET /users/sign-In [32m200[0m 9.859 ms - 3200[0m
[0mGET /users/css/layout.css [33m404[0m 24.256 ms - 159[0m
[0mGET /users/css/header.css [33m404[0m 29.753 ms - 159[0m
[0mGET /users/css/footer.css [33m404[0m 6.537 ms - 159[0m
[0mGET /login_image.jpg [33m404[0m 6.714 ms - 154[0m
[0mGET /users/sign-In [32m200[0m 7.658 ms - 3209[0m
[0mGET /users/css/layout.css [33m404[0m 20.523 ms - 159[0m
[0mGET /users/css/header.css [33m404[0m 23.443 ms - 159[0m
[0mGET /users/css/footer.css [33m404[0m 23.495 ms - 159[0m
[0mGET /login_image.jpg [33m404[0m 5.053 ms - 154[0m
[0mGET /users/sign-In [32m200[0m 10.397 ms - 3208[0m
[0mGET /users/css/layout.css [33m404[0m 21.915 ms - 159[0m
[0mGET /users/css/header.css [33m404[0m 21.963 ms - 159[0m
[0mGET /users/css/footer.css [33m404[0m 4.609 ms - 159[0m
[0mGET /users/login_image.jpg [33m404[0m 5.754 ms - 160[0m
[0mGET /users/sign-In [32m200[0m 298.544 ms - 3215[0m
[0mGET /users/css/layout.css [33m404[0m 16.242 ms - 159[0m
[0mGET /users/css/footer.css [33m404[0m 7.128 ms - 159[0m
[0mGET /users/css/header.css [33m404[0m 7.377 ms - 159[0m
[0mGET /users/css/layout.css [33m404[0m 11.205 ms - 159[0m
[0mGET /users/css/header.css [33m404[0m 11.144 ms - 159[0m
[0mGET /users/css/footer.css [33m404[0m 13.763 ms - 159[0m
[0mGET /users/images/login_image.jpg [33m404[0m 13.949 ms - 167[0m
[0mGET /users/sign-In [32m200[0m 10.298 ms - 3223[0m
[0mGET /users/css/layout.css [33m404[0m 38.460 ms - 159[0m
[0mGET /users/css/header.css [33m404[0m 9.632 ms - 159[0m
[0mGET /users/css/footer.css [33m404[0m 11.948 ms - 159[0m
[0mGET /users/css/layout.css [33m404[0m 10.221 ms - 159[0m
[0mGET /users/css/header.css [33m404[0m 10.183 ms - 159[0m
[0mGET /users/css/footer.css [33m404[0m 10.633 ms - 159[0m
[0mGET /assets/images/login_image.jpg [33m404[0m 4.029 ms - 168[0m
[0mGET /users/sign-In [32m200[0m 11.547 ms - 3218[0m
[0mGET /users/css/layout.css [33m404[0m 33.468 ms - 159[0m
[0mGET /users/css/header.css [33m404[0m 8.787 ms - 159[0m
[0mGET /users/css/footer.css [33m404[0m 9.663 ms - 159[0m
[0mGET /users/sign-In [32m200[0m 7.436 ms - 3218[0m
[0mGET /users/css/layout.css [33m404[0m 7.176 ms - 159[0m
[0mGET /users/css/header.css [33m404[0m 6.186 ms - 159[0m
[0mGET /users/css/footer.css [33m404[0m 9.498 ms - 159[0m
[0mGET /users/css/layout.css [33m404[0m 2.927 ms - 159[0m
[0mGET /users/css/header.css [33m404[0m 3.272 ms - 159[0m
[0mGET /users/css/footer.css [33m404[0m 3.869 ms - 159[0m
[0mGET /users/sign-In [32m200[0m 8.689 ms - 3218[0m
[0mGET /users/css/layout.css [33m404[0m 2.685 ms - 159[0m
[0mGET /users/css/header.css [33m404[0m 4.666 ms - 159[0m
[0mGET /users/css/footer.css [33m404[0m 3.987 ms - 159[0m
[0mGET /users/css/layout.css [33m404[0m 6.006 ms - 159[0m
[0mGET /users/css/header.css [33m404[0m 7.953 ms - 159[0m
[0mGET /users/css/footer.css [33m404[0m 8.390 ms - 159[0m
[0mGET /users/sign-In [32m200[0m 12.053 ms - 3294[0m
[0mGET /users/css/layout.css [33m404[0m 6.412 ms - 159[0m
[0mGET /users/css/header.css [33m404[0m 5.375 ms - 159[0m
[0mGET /users/css/footer.css [33m404[0m 7.519 ms - 159[0m
[0mGET /users/css/layout.css [33m404[0m 8.648 ms - 159[0m
[0mGET /users/css/header.css [33m404[0m 7.485 ms - 159[0m
[0mGET /users/css/footer.css [33m404[0m 8.506 ms - 159[0m
[0mGET /users/sign-In [32m200[0m 7.746 ms - 3308[0m
[0mGET /users/css/layout.css [33m404[0m 14.486 ms - 159[0m
[0mGET /users/css/header.css [33m404[0m 19.189 ms - 159[0m
[0mGET /users/css/footer.css [33m404[0m 11.713 ms - 159[0m
[0mGET /users/css/layout.css [33m404[0m 5.550 ms - 159[0m
[0mGET /users/css/header.css [33m404[0m 5.374 ms - 159[0m
[0mGET /users/css/footer.css [33m404[0m 6.026 ms - 159[0m
[0mGET /users/sign-In [36m304[0m 13.516 ms - -[0m
[0mGET /users/css/layout.css [33m404[0m 15.401 ms - 159[0m
[0mGET /users/css/header.css [33m404[0m 50.013 ms - 159[0m
[0mGET /users/css/footer.css [33m404[0m 6.176 ms - 159[0m
[0mGET /users/css/layout.css [33m404[0m 4.476 ms - 159[0m
[0mGET /users/css/header.css [33m404[0m 4.269 ms - 159[0m
[0mGET /users/css/footer.css [33m404[0m 4.640 ms - 159[0m
[0mGET /users/sign-In [32m200[0m 8.477 ms - 3305[0m
[0mGET /users/css/layout.css [33m404[0m 21.115 ms - 159[0m
[0mGET /users/css/header.css [33m404[0m 6.528 ms - 159[0m
[0mGET /users/css/footer.css [33m404[0m 6.029 ms - 159[0m
[0mGET /users/css/layout.css [33m404[0m 6.853 ms - 159[0m
[0mGET /users/css/header.css [33m404[0m 8.667 ms - 159[0m
[0mGET /users/css/footer.css [33m404[0m 10.621 ms - 159[0m
[0mGET /users/sign-In [36m304[0m 8.923 ms - -[0m
[0mGET /users/css/layout.css [33m404[0m 23.361 ms - 159[0m
[0mGET /users/css/header.css [33m404[0m 7.200 ms - 159[0m
[0mGET /users/css/footer.css [33m404[0m 7.395 ms - 159[0m
[0mGET /users/css/layout.css [33m404[0m 3.248 ms - 159[0m
[0mGET /users/css/header.css [33m404[0m 4.468 ms - 159[0m
[0mGET /users/css/footer.css [33m404[0m 7.821 ms - 159[0m
[0mGET /users/sign-In [36m304[0m 5.246 ms - -[0m
[0mGET /users/css/layout.css [33m404[0m 12.167 ms - 159[0m
[0mGET /users/css/header.css [33m404[0m 11.720 ms - 159[0m
[0mGET /users/css/footer.css [33m404[0m 6.301 ms - 159[0m
[0mGET /users/sign-In [32m200[0m 10.145 ms - 3282[0m
[0mGET /users/css/layout.css [33m404[0m 11.541 ms - 159[0m
[0mGET /users/css/header.css [33m404[0m 6.830 ms - 159[0m
[0mGET /users/css/footer.css [33m404[0m 6.215 ms - 159[0m
[0mGET /users/sign-In [32m200[0m 6.496 ms - 3283[0m
[0mGET /users/css/layout.css [33m404[0m 27.554 ms - 159[0m
[0mGET /users/css/header.css [33m404[0m 28.042 ms - 159[0m
[0mGET /users/css/footer.css [33m404[0m 6.793 ms - 159[0m
[0mGET /users/sign-In [32m200[0m 6.519 ms - 3340[0m
[0mGET /users/css/layout.css [33m404[0m 33.836 ms - 159[0m
[0mGET /users/css/header.css [33m404[0m 5.222 ms - 159[0m
[0mGET /users/css/footer.css [33m404[0m 7.414 ms - 159[0m
[0mGET /users/sign-In [36m304[0m 7.762 ms - -[0m
[0mGET /users/css/layout.css [33m404[0m 5.599 ms - 159[0m
[0mGET /users/css/header.css [33m404[0m 4.352 ms - 159[0m
[0mGET /users/css/footer.css [33m404[0m 5.699 ms - 159[0m
