[0mGET / [32m200[0m 556.957 ms - 5210[0m
[0mGET /favicon.ico [33m404[0m 15.003 ms - 150[0m
[0mGET /users/sign-In [36m304[0m 8.588 ms - -[0m
[0mGET /users/auth/google [36m302[0m 9.807 ms - 0[0m
[0mGET /users/auth/google/callback?code=4%2F0QHcnNVO4ziwnNK8vvKGEGmFZrzkOAeh0NWsYRt4Fv6wDfDloEM_AAd2fTYRME1vldaDe9tKwhJ5w9yNKE0j6C4&scope=email+profile+openid+https%3A%2F%2Fwww.googleapis.com%2Fauth%2Fuserinfo.profile+https%3A%2F%2Fwww.googleapis.com%2Fauth%2Fuserinfo.email&authuser=0&prompt=none [36m302[0m 1273.700 ms - 46[0m
[0mGET / [32m200[0m 78.162 ms - 8810[0m
[0mPOST /comments/create [36m302[0m 77.528 ms - 88[0m
[0mGET / [32m200[0m 50.359 ms - 9227[0m
[0mGET / [32m200[0m 59.721 ms - 8926[0m
[0mGET / [32m200[0m 233.876 ms - 5488[0m
[0mGET /favicon.ico [33m404[0m 9.904 ms - 150[0m
[0mGET /users/sign-In [36m304[0m 10.374 ms - -[0m
[0mGET /users/auth/google [36m302[0m 9.343 ms - 0[0m
[0mGET /users/auth/google/callback?code=4%2F0QF5ZBF1xhTHJq2tGD3MbDD3rqJbvoQowDv4HIIBzvhUL3eL9_RfpyLWoZ91mBFRi39L3_5_cL0xE4bI2sLrmK4&scope=email+profile+openid+https%3A%2F%2Fwww.googleapis.com%2Fauth%2Fuserinfo.email+https%3A%2F%2Fwww.googleapis.com%2Fauth%2Fuserinfo.profile&authuser=0&prompt=none [36m302[0m 1121.532 ms - 46[0m
[0mGET / [32m200[0m 79.027 ms - 9232[0m
[0mGET /users/profile/5ecd4b3b17a8cd3b2c6c0653 [32m200[0m 57.179 ms - 2106[0m
[0mPOST /users/update/5ecd4b3b17a8cd3b2c6c0653 [36m302[0m 47.123 ms - 164[0m
[0mGET /users/profile/5ecd4b3b17a8cd3b2c6c0653 [32m200[0m 13.050 ms - 2149[0m
[0mGET /users/profile/5ecd4b3b17a8cd3b2c6c0653 [36m304[0m 10.449 ms - -[0m
[0mGET /users/profile/5ecd4b3b17a8cd3b2c6c0653 [36m304[0m 15.555 ms - -[0m
[0mGET / [32m200[0m 174.520 ms - 5487[0m
[0mGET /favicon.ico [33m404[0m 17.911 ms - 150[0m
[0mGET / [36m304[0m 58.839 ms - -[0m
[0mGET / [36m304[0m 117.202 ms - -[0m
[0mGET / [32m200[0m 228.270 ms - 5485[0m
[0mGET / [32m200[0m 68.452 ms - 5485[0m
[0mGET /favicon.ico [33m404[0m 10.081 ms - 150[0m
[0mGET / [36m304[0m 100.843 ms - -[0m
[0mGET / [32m200[0m 59.126 ms - 6321[0m
[0mGET / [32m200[0m 36.886 ms - 5903[0m
[0mGET / [36m304[0m 37.969 ms - -[0m
[0mGET / [36m304[0m 33.051 ms - -[0m
[0mGET / [32m200[0m 39.964 ms - 5862[0m
[0mGET / [36m304[0m 43.449 ms - -[0m
[0mGET / [36m304[0m 39.476 ms - -[0m
[0mGET / [36m304[0m 36.848 ms - -[0m
[0mGET / [36m304[0m 38.632 ms - -[0m
[0mGET / [36m304[0m 40.843 ms - -[0m
[0mGET / [32m200[0m 38.280 ms - 5845[0m
[0mGET / [31m500[0m 40.576 ms - 2775[0m
[0mGET / [32m200[0m 40.081 ms - 5845[0m
[0mGET / [32m200[0m 33.626 ms - 5851[0m
[0mGET /users/sign-In [32m200[0m 9.027 ms - 1763[0m
[0mGET /users/css/layout.css [33m404[0m 10.438 ms - 159[0m
[0mGET /users/css/header.css [33m404[0m 11.625 ms - 159[0m
[0mGET /users/css/footer.css [33m404[0m 10.938 ms - 159[0m
[0mGET /users/sign-In [32m200[0m 8.150 ms - 1728[0m
[0mGET /users/css/layout.css [33m404[0m 5.671 ms - 159[0m
[0mGET /users/css/header.css [33m404[0m 9.032 ms - 159[0m
[0mGET /users/css/footer.css [33m404[0m 11.483 ms - 159[0m
[0mGET /users/sign-In [36m304[0m 6.814 ms - -[0m
[0mGET /users/css/layout.css [33m404[0m 7.533 ms - 159[0m
[0mGET /users/css/header.css [33m404[0m 7.846 ms - 159[0m
[0mGET /users/css/footer.css [33m404[0m 7.365 ms - 159[0m
[0mGET /users/sign-In [36m304[0m 9.297 ms - -[0m
[0mGET /users/css/layout.css [33m404[0m 4.781 ms - 159[0m
[0mGET /users/css/header.css [33m404[0m 6.675 ms - 159[0m
[0mGET /users/css/footer.css [33m404[0m 9.078 ms - 159[0m
[0mGET /users/sign-In [36m304[0m 6.527 ms - -[0m
[0mGET /users/css/layout.css [33m404[0m 5.634 ms - 159[0m
[0mGET /users/css/header.css [33m404[0m 6.307 ms - 159[0m
[0mGET /users/css/footer.css [33m404[0m 5.216 ms - 159[0m
[0mGET /users/sign-Up [32m200[0m 8.299 ms - 1883[0m
[0mGET /users/css/layout.css [33m404[0m 4.159 ms - 159[0m
[0mGET /users/css/header.css [33m404[0m 5.904 ms - 159[0m
[0mGET /users/css/footer.css [33m404[0m 6.430 ms - 159[0m
[0mGET /users/sign-In [36m304[0m 7.498 ms - -[0m
[0mGET /users/css/layout.css [33m404[0m 17.798 ms - 159[0m
[0mGET /users/css/header.css [33m404[0m 9.394 ms - 159[0m
[0mGET /users/css/footer.css [33m404[0m 9.248 ms - 159[0m
[0mGET / [32m200[0m 31.241 ms - 5816[0m
[0mGET /users/sign-In [36m304[0m 7.863 ms - -[0m
[0mGET /users/css/layout.css [33m404[0m 4.040 ms - 159[0m
[0mGET /users/css/header.css [33m404[0m 5.743 ms - 159[0m
[0mGET /users/css/footer.css [33m404[0m 6.246 ms - 159[0m
[0mGET /users/sign-Up [36m304[0m 9.914 ms - -[0m
[0mGET /users/css/layout.css [33m404[0m 7.087 ms - 159[0m
[0mGET /users/css/header.css [33m404[0m 10.152 ms - 159[0m
[0mGET /users/css/footer.css [33m404[0m 11.288 ms - 159[0m
[0mGET / [36m304[0m 32.535 ms - -[0m
[0mGET / [36m304[0m 40.410 ms - -[0m
[0mGET / [36m304[0m 41.855 ms - -[0m
[0mGET / [36m304[0m 52.236 ms - -[0m
[0mGET / [36m304[0m 31.977 ms - -[0m
[0mGET / [36m304[0m 27.304 ms - -[0m
[0mGET / [36m304[0m 31.090 ms - -[0m
[0mGET / [36m304[0m 42.911 ms - -[0m
[0mGET /users/sign-Up [36m304[0m 6.561 ms - -[0m
[0mGET /users/css/layout.css [33m404[0m 4.852 ms - 159[0m
[0mGET /users/css/header.css [33m404[0m 5.814 ms - 159[0m
[0mGET /users/css/footer.css [33m404[0m 8.771 ms - 159[0m
[0mGET /users/sign-In [36m304[0m 6.392 ms - -[0m
[0mGET /users/css/layout.css [33m404[0m 3.667 ms - 159[0m
[0mGET /users/css/header.css [33m404[0m 5.388 ms - 159[0m
[0mGET /users/css/footer.css [33m404[0m 7.476 ms - 159[0m
[0mGET /users/sign-In [36m304[0m 8.259 ms - -[0m
[0mGET /users/css/layout.css [33m404[0m 6.998 ms - 159[0m
[0mGET /users/css/header.css [33m404[0m 15.367 ms - 159[0m
[0mGET /users/css/footer.css [33m404[0m 15.191 ms - 159[0m
[0mGET /users/sign-In [36m304[0m 6.059 ms - -[0m
[0mGET /users/css/layout.css [33m404[0m 11.101 ms - 159[0m
[0mGET /users/css/header.css [33m404[0m 7.201 ms - 159[0m
[0mGET /users/css/footer.css [33m404[0m 8.346 ms - 159[0m
[0mGET / [32m200[0m 27.868 ms - 5825[0m
[0mGET /users/sign-In [32m200[0m 7.947 ms - 1737[0m
[0mGET /users/css/layout.css [33m404[0m 7.820 ms - 159[0m
[0mGET /users/css/header.css [33m404[0m 9.509 ms - 159[0m
[0mGET /users/css/footer.css [33m404[0m 10.214 ms - 159[0m
[0mGET /users/sign-Up [32m200[0m 7.296 ms - 1892[0m
[0mGET /users/css/layout.css [33m404[0m 5.304 ms - 159[0m
[0mGET /users/css/header.css [33m404[0m 6.483 ms - 159[0m
[0mGET /users/css/footer.css [33m404[0m 9.612 ms - 159[0m
[0mGET /users/sign-In [36m304[0m 8.451 ms - -[0m
[0mGET /users/css/layout.css [33m404[0m 7.389 ms - 159[0m
[0mGET /users/css/header.css [33m404[0m 5.568 ms - 159[0m
[0mGET /users/css/footer.css [33m404[0m 5.160 ms - 159[0m
[0mGET / [36m304[0m 28.702 ms - -[0m
[0mGET / [36m304[0m 33.403 ms - -[0m
[0mGET / [36m304[0m 33.121 ms - -[0m
[0mGET / [36m304[0m 31.796 ms - -[0m
[0mGET /users/sign-In [36m304[0m 7.964 ms - -[0m
[0mGET /users/css/layout.css [33m404[0m 5.132 ms - 159[0m
[0mGET /users/css/header.css [33m404[0m 6.464 ms - 159[0m
[0mGET /users/css/footer.css [33m404[0m 4.562 ms - 159[0m
[0mGET /users/auth/google [36m302[0m 7.899 ms - 0[0m
[0mGET /users/auth/google/callback?code=4%2F0QG2RIofnWc2A5zvCroCKjfxVJ9yndMd129SKAIkttNlDtFNRAsT97UMZ_yRyiZXZlscDNWIq5qCgsUVlZdl6kI&scope=email+profile+openid+https%3A%2F%2Fwww.googleapis.com%2Fauth%2Fuserinfo.profile+https%3A%2F%2Fwww.googleapis.com%2Fauth%2Fuserinfo.email&authuser=0&prompt=none [36m302[0m 1393.340 ms - 46[0m
[0mGET / [32m200[0m 35.466 ms - 9678[0m
[0mGET /users/profile [33m404[0m 7.221 ms - 152[0m
[0mGET /users/sign-Out [36m302[0m 6.955 ms - 46[0m
[0mGET / [32m200[0m 35.237 ms - 6128[0m
[0mGET /users/sign-In [36m304[0m 8.008 ms - -[0m
[0mGET /users/css/layout.css [33m404[0m 8.904 ms - 159[0m
[0mGET /users/css/header.css [33m404[0m 10.448 ms - 159[0m
[0mGET /users/css/footer.css [33m404[0m 9.309 ms - 159[0m
[0mGET /users/auth/google [36m302[0m 5.429 ms - 0[0m
[0mGET /users/auth/google/callback?code=4%2F0QEvJQAIExVsAjrZfWajE1slYsOs8GkFIcZwlRiiB8VX0S_6bg-zh1rjAV2ruqa3xNfkYH9Rk9T00lfsr2izeT0&scope=email+profile+https%3A%2F%2Fwww.googleapis.com%2Fauth%2Fuserinfo.email+openid+https%3A%2F%2Fwww.googleapis.com%2Fauth%2Fuserinfo.profile&authuser=0&prompt=none [36m302[0m 542.144 ms - 46[0m
[0mGET / [32m200[0m 34.823 ms - 9678[0m
[0mGET / [32m200[0m 34.554 ms - 9368[0m
[0mGET /users/profile [33m404[0m 6.602 ms - 152[0m
[0mGET / [32m200[0m 40.512 ms - 9369[0m
[0mGET / [32m200[0m 35.278 ms - 9368[0m
[0mGET /users/profile [33m404[0m 7.090 ms - 152[0m
[0mGET / [36m304[0m 43.675 ms - -[0m
[0mGET / [36m304[0m 36.918 ms - -[0m
[0mGET / [32m200[0m 32.709 ms - 9365[0m
[0mGET /users/profile [33m404[0m 6.055 ms - 152[0m
[0mGET / [36m304[0m 30.552 ms - -[0m
[0mGET /users/sign-Out [36m302[0m 11.088 ms - 46[0m
[0mGET / [32m200[0m 31.620 ms - 6128[0m
[0mGET /users/sign-In [32m200[0m 17.785 ms - 1758[0m
[0mGET /users/css/layout.css [33m404[0m 6.208 ms - 159[0m
[0mGET /users/css/header.css [33m404[0m 9.231 ms - 159[0m
[0mGET /users/css/footer.css [33m404[0m 9.412 ms - 159[0m
[0mGET /users/auth/google [36m302[0m 3.959 ms - 0[0m
[0mGET /users/auth/google/callback?code=4%2F0QEh1fT_q2aJYCc9a8l3q-MmVfv5BNErirUEccJViBtn_I02QS99do5OYkwcdQrxdOm0ZnyuryT8nbZKc2FtoFo&scope=email+profile+https%3A%2F%2Fwww.googleapis.com%2Fauth%2Fuserinfo.profile+https%3A%2F%2Fwww.googleapis.com%2Fauth%2Fuserinfo.email+openid&authuser=0&prompt=none [0m-[0m - ms - -[0m
[0mGET /users/auth/google [36m302[0m 4.676 ms - 0[0m
[0mGET /users/auth/google/callback?code=4%2F0QGBpzMTJaWgd9Fq5D_1JY9tySlKBcJ6aVn5Yr1Irt856NmXhJ6CMGgmRbG1M9XKGEKEGX1nEa7rZHtErQINDRk&scope=email+profile+openid+https%3A%2F%2Fwww.googleapis.com%2Fauth%2Fuserinfo.email+https%3A%2F%2Fwww.googleapis.com%2Fauth%2Fuserinfo.profile&authuser=0&prompt=none [0m-[0m - ms - -[0m
[0mGET /users/auth/google [36m302[0m 6.824 ms - 0[0m
[0mGET /users/auth/google [36m302[0m 6.492 ms - 0[0m
[0mGET /users/auth/google [36m302[0m 7.704 ms - 0[0m
[0mGET /users/auth/google [36m302[0m 12.321 ms - 0[0m
[0mGET /users/auth/google [36m302[0m 6.383 ms - 0[0m
[0mGET /users/auth/google [36m302[0m 8.825 ms - 0[0m
[0mGET /users/auth/google/callback?code=4%2F0QFAlbOXF72WeJ-VSrJYrZRBKqZJULzotCLJwZVTufRE25NulIqiQHjT6KrrsArBbxs8Yov7YP1NzdY6HD-X5s0&scope=email+profile+https%3A%2F%2Fwww.googleapis.com%2Fauth%2Fuserinfo.profile+https%3A%2F%2Fwww.googleapis.com%2Fauth%2Fuserinfo.email+openid&authuser=0&prompt=none [36m302[0m 628.272 ms - 46[0m
[0mGET / [32m200[0m 88.460 ms - 9671[0m
[0mGET /users/sign-Out [36m302[0m 7.058 ms - 46[0m
[0mGET / [32m200[0m 34.450 ms - 6128[0m
[0mGET /users/sign-In [36m304[0m 6.060 ms - -[0m
[0mGET /users/css/layout.css [33m404[0m 9.783 ms - 159[0m
[0mGET /users/css/header.css [33m404[0m 10.588 ms - 159[0m
[0mGET /users/css/footer.css [33m404[0m 6.765 ms - 159[0m
[0mGET /users/auth/google [36m302[0m 4.289 ms - 0[0m
[0mGET /users/auth/google/callback?code=4%2F0QEn1Ojobjq8Fhhrx33KpzU9fbvQ3NAAJmJjUFTKUzdkpmwPNQoOQGL46P18Y0RucbTtPqClynau-V0dEF_ATEk&scope=email+profile+https%3A%2F%2Fwww.googleapis.com%2Fauth%2Fuserinfo.profile+https%3A%2F%2Fwww.googleapis.com%2Fauth%2Fuserinfo.email+openid&authuser=0&prompt=none [36m302[0m 618.447 ms - 46[0m
[0mGET / [32m200[0m 31.768 ms - 9671[0m
[0mGET / [32m200[0m 35.839 ms - 9365[0m
[0mGET /users/sign-Out [36m302[0m 5.804 ms - 46[0m
[0mGET / [32m200[0m 25.612 ms - 6128[0m
[0mGET /users/sign-In [36m304[0m 9.198 ms - -[0m
[0mGET /users/css/layout.css [33m404[0m 6.212 ms - 159[0m
[0mGET /users/css/header.css [33m404[0m 6.804 ms - 159[0m
[0mGET /users/css/footer.css [33m404[0m 7.192 ms - 159[0m
[0mGET /users/auth/google [36m302[0m 4.606 ms - 0[0m
[0mGET /users/auth/google/callback?code=4%2F0gHFVtUL9obVATGoGiRVUHBwIA1pJVWqcCxHFqkWGGJQazHGhMbc10t4D5do1Z1i5B7T1MZ-QQqV1csQMqlRD7w&scope=email+profile+https%3A%2F%2Fwww.googleapis.com%2Fauth%2Fuserinfo.profile+https%3A%2F%2Fwww.googleapis.com%2Fauth%2Fuserinfo.email+openid&authuser=0&prompt=none [36m302[0m 713.429 ms - 46[0m
[0mGET / [32m200[0m 49.891 ms - 9671[0m
[0mGET /users/sign-Up [36m302[0m 6.157 ms - 72[0m
[0mGET /users/profile [33m404[0m 5.034 ms - 152[0m
[0mGET /users/auth/google [36m302[0m 8.251 ms - 0[0m
[0mGET /users/auth/google/callback?code=4%2F0QEik88o2l0wbS6paNtZlE-t1ea5RZERgFsQdWgyEmg7rgOKelKYEPpybEB6PSAnp5GjnJ_oSubTN3HwAGtKhnA&scope=email+profile+openid+https%3A%2F%2Fwww.googleapis.com%2Fauth%2Fuserinfo.profile+https%3A%2F%2Fwww.googleapis.com%2Fauth%2Fuserinfo.email&authuser=0&prompt=none [36m302[0m 567.862 ms - 46[0m
[0mGET / [36m304[0m 35.253 ms - -[0m
[0mGET / [32m200[0m 34.285 ms - 9365[0m
[0mGET /users/sign-In [36m302[0m 7.471 ms - 72[0m
[0mGET /users/profile [33m404[0m 4.953 ms - 152[0m
[0mGET /users/sign-Out [36m302[0m 7.191 ms - 46[0m
[0mGET / [32m200[0m 32.755 ms - 6128[0m
[0mGET /users/sign-In [32m200[0m 8.284 ms - 1758[0m
[0mGET /users/css/layout.css [33m404[0m 4.755 ms - 159[0m
[0mGET /users/css/header.css [33m404[0m 8.825 ms - 159[0m
[0mGET /users/css/footer.css [33m404[0m 9.280 ms - 159[0m
[0mGET /users/auth/google [36m302[0m 4.551 ms - 0[0m
[0mGET /users/auth/google/callback?code=4%2F0QH7v3eqbKzECGRozPcWGSgq1TjOzvdHBf7_RfHC6Um8xjLIliqKUjQnx6xfmUBHY_DJt5GKNFu029_cABGXx4s&scope=email+profile+https%3A%2F%2Fwww.googleapis.com%2Fauth%2Fuserinfo.profile+https%3A%2F%2Fwww.googleapis.com%2Fauth%2Fuserinfo.email+openid&authuser=0&prompt=none [36m302[0m 559.350 ms - 46[0m
[0mGET / [32m200[0m 39.221 ms - 9671[0m
[0mGET / [32m200[0m 106.882 ms - 5825[0m
[0mGET / [36m304[0m 31.331 ms - -[0m
[0mGET / [36m304[0m 24.373 ms - -[0m
[0mGET / [36m304[0m 22.845 ms - -[0m
[0mGET / [36m304[0m 21.344 ms - -[0m
[0mGET / [36m304[0m 23.148 ms - -[0m
[0mGET /users/sign-In [32m200[0m 4.706 ms - 1758[0m
[0mGET /users/css/layout.css [33m404[0m 3.765 ms - 159[0m
[0mGET /users/css/header.css [33m404[0m 4.333 ms - 159[0m
[0mGET /users/css/footer.css [33m404[0m 4.215 ms - 159[0m
[0mGET /users/sign-In [36m304[0m 4.540 ms - -[0m
[0mGET /users/css/layout.css [33m404[0m 3.730 ms - 159[0m
[0mGET /users/css/header.css [33m404[0m 4.540 ms - 159[0m
[0mGET /users/css/footer.css [33m404[0m 4.433 ms - 159[0m
[0mGET /users/sign-In [32m200[0m 3.274 ms - 1774[0m
[0mGET /users/css/layout.css [33m404[0m 2.581 ms - 159[0m
[0mGET /users/css/header.css [33m404[0m 2.963 ms - 159[0m
[0mGET /users/css/footer.css [33m404[0m 3.163 ms - 159[0m
[0mGET /users/sign-In [36m304[0m 4.248 ms - -[0m
[0mGET /users/css/layout.css [33m404[0m 2.047 ms - 159[0m
[0mGET /users/css/header.css [33m404[0m 2.186 ms - 159[0m
[0mGET /users/css/footer.css [33m404[0m 2.349 ms - 159[0m
[0mGET /users/sign-In [36m304[0m 5.339 ms - -[0m
[0mGET /users/css/layout.css [33m404[0m 1.993 ms - 159[0m
[0mGET /users/css/header.css [33m404[0m 2.149 ms - 159[0m
[0mGET /users/css/footer.css [33m404[0m 2.130 ms - 159[0m
[0mGET /users/sign-In [32m200[0m 5.277 ms - 1830[0m
[0mGET /users/css/layout.css [33m404[0m 6.514 ms - 159[0m
[0mGET /users/css/header.css [33m404[0m 5.720 ms - 159[0m
[0mGET /users/css/footer.css [33m404[0m 6.520 ms - 159[0m
[0mGET /users/css/layout.css [33m404[0m 3.922 ms - 159[0m
[0mGET /users/css/header.css [33m404[0m 3.692 ms - 159[0m
[0mGET /users/css/footer.css [33m404[0m 8.314 ms - 159[0m
[0mGET /users/sign-In [36m304[0m 3.645 ms - -[0m
[0mGET /users/css/layout.css [33m404[0m 10.601 ms - 159[0m
[0mGET /users/css/header.css [33m404[0m 2.262 ms - 159[0m
[0mGET /users/css/footer.css [33m404[0m 2.491 ms - 159[0m
[0mGET /users/sign-In [32m200[0m 2.597 ms - 3208[0m
[0mGET /users/css/layout.css [33m404[0m 5.345 ms - 159[0m
[0mGET /users/css/header.css [33m404[0m 7.385 ms - 159[0m
[0mGET /users/css/footer.css [33m404[0m 8.670 ms - 159[0m
[0mGET /users/css/layout.css [33m404[0m 1.545 ms - 159[0m
[0mGET /users/css/header.css [33m404[0m 2.443 ms - 159[0m
[0mGET /users/css/footer.css [33m404[0m 2.880 ms - 159[0m
[0mGET /users/sign-In [32m200[0m 3.217 ms - 3082[0m
[0mGET /users/css/layout.css [33m404[0m 6.158 ms - 159[0m
[0mGET /users/css/header.css [33m404[0m 1.582 ms - 159[0m
[0mGET /users/css/footer.css [33m404[0m 2.221 ms - 159[0m
[0mGET /users/css/layout.css [33m404[0m 2.238 ms - 159[0m
[0mGET /users/css/header.css [33m404[0m 2.320 ms - 159[0m
[0mGET /users/css/footer.css [33m404[0m 2.244 ms - 159[0m
[0mGET /action_page.php?username=nehasingla7180%40gmail.com&password=9h%40HvavsjDNvTMz [33m404[0m 3.848 ms - 154[0m
[0mGET /users/css/layout.css [33m404[0m 1.756 ms - 159[0m
[0mGET /users/sign-In [32m200[0m 2.540 ms - 3091[0m
[0mGET /users/css/layout.css [33m404[0m 2.623 ms - 159[0m
[0mGET /users/css/header.css [33m404[0m 2.596 ms - 159[0m
[0mGET /users/css/footer.css [33m404[0m 2.982 ms - 159[0m
[0mGET /users/sign-In [36m304[0m 2.980 ms - -[0m
[0mGET /users/css/layout.css [33m404[0m 5.888 ms - 159[0m
[0mGET /users/css/header.css [33m404[0m 3.156 ms - 159[0m
[0mGET /users/css/footer.css [33m404[0m 7.544 ms - 159[0m
[0mGET /users/css/layout.css [33m404[0m 1.329 ms - 159[0m
[0mGET /users/css/header.css [33m404[0m 4.019 ms - 159[0m
[0mGET /users/sign-In [36m304[0m 4.353 ms - -[0m
[0mGET /users/css/layout.css [33m404[0m 1.970 ms - 159[0m
[0mGET /users/css/header.css [33m404[0m 1.775 ms - 159[0m
[0mGET /users/css/footer.css [33m404[0m 3.321 ms - 159[0m
[0mGET /users/css/layout.css [33m404[0m 1.793 ms - 159[0m
[0mGET /users/css/header.css [33m404[0m 1.198 ms - 159[0m
[0mGET /users/sign-In [36m304[0m 7.569 ms - -[0m
[0mGET /users/css/layout.css [33m404[0m 4.518 ms - 159[0m
[0mGET /users/css/header.css [33m404[0m 1.865 ms - 159[0m
[0mGET /users/css/footer.css [33m404[0m 1.864 ms - 159[0m
[0mGET /users/css/layout.css [33m404[0m 1.830 ms - 159[0m
[0mGET /users/css/header.css [33m404[0m 2.114 ms - 159[0m
[0mGET /users/css/footer.css [33m404[0m 2.191 ms - 159[0m
[0mGET /users/sign-In [36m304[0m 4.092 ms - -[0m
[0mGET /users/css/layout.css [33m404[0m 8.819 ms - 159[0m
[0mGET /users/css/header.css [33m404[0m 3.472 ms - 159[0m
[0mGET /users/css/footer.css [33m404[0m 6.947 ms - 159[0m
[0mGET /users/css/layout.css [33m404[0m 1.619 ms - 159[0m
[0mGET /users/css/header.css [33m404[0m 1.646 ms - 159[0m
[0mGET /users/css/footer.css [33m404[0m 1.596 ms - 159[0m
[0mGET /users/sign-In [36m304[0m 3.762 ms - -[0m
[0mGET /users/css/header.css [33m404[0m 3.079 ms - 159[0m
[0mGET /users/css/layout.css [33m404[0m 10.953 ms - 159[0m
[0mGET /users/css/footer.css [33m404[0m 3.537 ms - 159[0m
[0mGET /users/css/layout.css [33m404[0m 1.251 ms - 159[0m
[0mGET /users/css/header.css [33m404[0m 1.449 ms - 159[0m
[0mGET /users/css/footer.css [33m404[0m 1.482 ms - 159[0m
[0mGET /users/sign-In [36m304[0m 3.667 ms - -[0m
[0mGET /users/css/layout.css [33m404[0m 9.302 ms - 159[0m
[0mGET /users/css/header.css [33m404[0m 9.477 ms - 159[0m
[0mGET /users/css/footer.css [33m404[0m 2.528 ms - 159[0m
[0mGET /users/sign-In [36m304[0m 5.464 ms - -[0m
[0mGET /users/css/layout.css [33m404[0m 2.172 ms - 159[0m
[0mGET /users/css/header.css [33m404[0m 2.226 ms - 159[0m
[0mGET /users/css/footer.css [33m404[0m 2.806 ms - 159[0m
[0mGET /users/sign-In [36m304[0m 4.556 ms - -[0m
[0mGET /users/css/layout.css [33m404[0m 4.559 ms - 159[0m
[0mGET /users/css/header.css [33m404[0m 3.572 ms - 159[0m
[0mGET /users/css/footer.css [33m404[0m 1.936 ms - 159[0m
[0mGET /users/sign-In [36m304[0m 3.900 ms - -[0m
[0mGET /users/css/layout.css [33m404[0m 4.346 ms - 159[0m
[0mGET /users/css/header.css [33m404[0m 4.287 ms - 159[0m
[0mGET /users/css/footer.css [33m404[0m 4.475 ms - 159[0m
[0mGET /users/sign-In [36m304[0m 5.456 ms - -[0m
[0mGET /users/css/layout.css [33m404[0m 3.556 ms - 159[0m
[0mGET /users/css/header.css [33m404[0m 3.219 ms - 159[0m
[0mGET /users/css/footer.css [33m404[0m 2.383 ms - 159[0m
[0mGET /users/sign-In [36m304[0m 3.772 ms - -[0m
[0mGET /users/css/layout.css [33m404[0m 1.672 ms - 159[0m
[0mGET /users/css/header.css [33m404[0m 1.635 ms - 159[0m
[0mGET /users/css/footer.css [33m404[0m 2.317 ms - 159[0m
[0mGET /users/sign-In [36m304[0m 21.673 ms - -[0m
[0mGET /users/css/layout.css [33m404[0m 48.429 ms - 159[0m
[0mGET /users/css/footer.css [33m404[0m 67.863 ms - 159[0m
[0mGET /users/css/header.css [33m404[0m 70.004 ms - 159[0m
[0mGET /users/sign-Up [32m200[0m 11.212 ms - 1892[0m
[0mGET /users/css/layout.css [33m404[0m 2.081 ms - 159[0m
[0mGET /users/css/header.css [33m404[0m 2.763 ms - 159[0m
[0mGET /users/css/footer.css [33m404[0m 3.083 ms - 159[0m
[0mGET /users/sign-Up [36m304[0m 5.944 ms - -[0m
[0mGET /users/css/layout.css [33m404[0m 1.905 ms - 159[0m
[0mGET /users/css/header.css [33m404[0m 3.312 ms - 159[0m
[0mGET /users/css/footer.css [33m404[0m 4.121 ms - 159[0m
[0mGET /users/sign-In [32m200[0m 8.005 ms - 3095[0m
[0mGET /users/css/layout.css [33m404[0m 10.027 ms - 159[0m
[0mGET /users/css/header.css [33m404[0m 10.822 ms - 159[0m
[0mGET /users/css/footer.css [33m404[0m 3.921 ms - 159[0m
[0mGET /users/sign-Up [36m304[0m 5.741 ms - -[0m
[0mGET /users/css/layout.css [33m404[0m 3.700 ms - 159[0m
[0mGET /users/css/header.css [33m404[0m 5.254 ms - 159[0m
[0mGET /users/css/footer.css [33m404[0m 5.309 ms - 159[0m
[0mGET /users/sign-In [36m304[0m 4.680 ms - -[0m
[0mGET /users/css/layout.css [33m404[0m 2.123 ms - 159[0m
[0mGET /users/css/header.css [33m404[0m 2.135 ms - 159[0m
[0mGET /users/css/footer.css [33m404[0m 2.567 ms - 159[0m
[0mGET / [36m304[0m 36.467 ms - -[0m
[0mGET /users/sign-In [32m200[0m 5.850 ms - 3456[0m
[0mGET /users/css/layout.css [33m404[0m 5.287 ms - 159[0m
[0mGET /users/css/header.css [33m404[0m 5.541 ms - 159[0m
[0mGET /users/css/footer.css [33m404[0m 6.646 ms - 159[0m
[0mGET / [36m304[0m 26.463 ms - -[0m
[0mGET / [36m304[0m 49.475 ms - -[0m
[0mGET /users/sign-In [36m304[0m 9.214 ms - -[0m
[0mGET /users/css/layout.css [33m404[0m 6.828 ms - 159[0m
[0mGET /users/css/header.css [33m404[0m 11.173 ms - 159[0m
[0mGET /users/css/footer.css [33m404[0m 4.792 ms - 159[0m
[0mGET /users/sign-In [36m304[0m 3.832 ms - -[0m
[0mGET /users/css/layout.css [33m404[0m 6.507 ms - 159[0m
[0mGET /users/css/header.css [33m404[0m 6.734 ms - 159[0m
[0mGET /users/css/footer.css [33m404[0m 8.916 ms - 159[0m
[0mGET /users/sign-In [36m304[0m 5.546 ms - -[0m
[0mGET /users/css/layout.css [33m404[0m 2.642 ms - 159[0m
[0mGET /users/css/header.css [33m404[0m 2.354 ms - 159[0m
[0mGET /users/css/footer.css [33m404[0m 3.112 ms - 159[0m
[0mGET /users/sign-In [36m304[0m 4.435 ms - -[0m
[0mGET /users/css/layout.css [33m404[0m 4.186 ms - 159[0m
[0mGET /users/css/header.css [33m404[0m 3.379 ms - 159[0m
[0mGET /users/css/footer.css [33m404[0m 4.649 ms - 159[0m
[0mGET /users/sign-In [36m304[0m 5.626 ms - -[0m
[0mGET /users/css/layout.css [33m404[0m 1.939 ms - 159[0m
[0mGET /users/css/header.css [33m404[0m 1.838 ms - 159[0m
[0mGET /users/css/footer.css [33m404[0m 2.139 ms - 159[0m
[0mGET /users/sign-In [36m304[0m 5.245 ms - -[0m
[0mGET /users/css/layout.css [33m404[0m 4.988 ms - 159[0m
[0mGET /users/css/header.css [33m404[0m 4.847 ms - 159[0m
[0mGET /users/css/footer.css [33m404[0m 2.334 ms - 159[0m
[0mGET /users/sign-In [36m304[0m 3.335 ms - -[0m
[0mGET /users/css/layout.css [33m404[0m 3.887 ms - 159[0m
[0mGET /users/css/header.css [33m404[0m 3.645 ms - 159[0m
[0mGET /users/css/footer.css [33m404[0m 3.214 ms - 159[0m
[0mGET /users/sign-In [36m304[0m 5.521 ms - -[0m
[0mGET /users/css/layout.css [33m404[0m 1.827 ms - 159[0m
[0mGET /users/css/header.css [33m404[0m 2.001 ms - 159[0m
[0mGET /users/css/footer.css [33m404[0m 2.714 ms - 159[0m
[0mGET /users/sign-In [36m304[0m 3.624 ms - -[0m
[0mGET /users/css/layout.css [33m404[0m 3.660 ms - 159[0m
[0mGET /users/css/header.css [33m404[0m 2.559 ms - 159[0m
[0mGET /users/css/footer.css [33m404[0m 4.090 ms - 159[0m
[0mGET /users/sign-Up [36m304[0m 4.799 ms - -[0m
[0mGET /users/css/layout.css [33m404[0m 1.744 ms - 159[0m
[0mGET /users/css/header.css [33m404[0m 2.281 ms - 159[0m
[0mGET /users/css/footer.css [33m404[0m 2.661 ms - 159[0m
[0mGET /users/sign-In [36m304[0m 4.480 ms - -[0m
[0mGET /users/css/layout.css [33m404[0m 3.379 ms - 159[0m
[0mGET /users/css/header.css [33m404[0m 4.202 ms - 159[0m
[0mGET /users/css/footer.css [33m404[0m 4.968 ms - 159[0m
[0mGET /users/sign-In [36m304[0m 4.937 ms - -[0m
[0mGET /users/css/layout.css [33m404[0m 3.609 ms - 159[0m
[0mGET /users/css/header.css [33m404[0m 3.641 ms - 159[0m
[0mGET /users/css/footer.css [33m404[0m 4.812 ms - 159[0m
[0mGET /users/sign-In [36m304[0m 3.605 ms - -[0m
[0mGET /users/css/layout.css [33m404[0m 3.427 ms - 159[0m
[0mGET /users/css/header.css [33m404[0m 7.231 ms - 159[0m
[0mGET /users/css/footer.css [33m404[0m 2.044 ms - 159[0m
[0mGET /users/css/layout.css [33m404[0m 1.533 ms - 159[0m
[0mGET /users/css/header.css [33m404[0m 2.328 ms - 159[0m
[0mGET /users/css/footer.css [33m404[0m 2.554 ms - 159[0m
[0mGET /users/sign-In [32m200[0m 5.066 ms - 3442[0m
[0mGET /users/css/layout.css [33m404[0m 5.877 ms - 159[0m
[0mGET /users/css/header.css [33m404[0m 5.369 ms - 159[0m
[0mGET /users/css/footer.css [33m404[0m 5.328 ms - 159[0m
[0mGET /users/css/layout.css [33m404[0m 1.420 ms - 159[0m
[0mGET /users/css/header.css [33m404[0m 3.060 ms - 159[0m
[0mGET /users/css/footer.css [33m404[0m 3.128 ms - 159[0m
[0mGET /users/sign-In [36m304[0m 5.746 ms - -[0m
[0mGET /users/css/layout.css [33m404[0m 5.332 ms - 159[0m
[0mGET /users/css/header.css [33m404[0m 4.026 ms - 159[0m
[0mGET /users/css/footer.css [33m404[0m 6.789 ms - 159[0m
[0mGET /users/css/layout.css [33m404[0m 3.841 ms - 159[0m
[0mGET /users/css/footer.css [33m404[0m 7.411 ms - 159[0m
[0mGET /users/css/header.css [33m404[0m 4.041 ms - 159[0m
[0mGET /users/sign-In [36m304[0m 4.531 ms - -[0m
[0mGET /users/css/layout.css [33m404[0m 8.120 ms - 159[0m
[0mGET /users/css/header.css [33m404[0m 4.681 ms - 159[0m
[0mGET /users/css/footer.css [33m404[0m 5.462 ms - 159[0m
[0mGET /users/css/layout.css [33m404[0m 1.325 ms - 159[0m
[0mGET /users/css/header.css [33m404[0m 1.394 ms - 159[0m
[0mGET /users/css/footer.css [33m404[0m 1.578 ms - 159[0m
[0mGET /users/sign-In [36m304[0m 3.950 ms - -[0m
[0mGET /users/css/layout.css [33m404[0m 4.097 ms - 159[0m
[0mGET /users/css/header.css [33m404[0m 4.059 ms - 159[0m
[0mGET /users/css/footer.css [33m404[0m 4.463 ms - 159[0m
[0mGET /users/sign-In [36m304[0m 5.029 ms - -[0m
[0mGET /users/css/layout.css [33m404[0m 5.235 ms - 159[0m
[0mGET /users/css/header.css [33m404[0m 3.299 ms - 159[0m
[0mGET /users/css/footer.css [33m404[0m 3.570 ms - 159[0m
[0mGET /users/sign-In [36m304[0m 4.595 ms - -[0m
[0mGET /users/css/layout.css [33m404[0m 5.117 ms - 159[0m
[0mGET /users/css/header.css [33m404[0m 5.145 ms - 159[0m
[0mGET /users/css/footer.css [33m404[0m 2.539 ms - 159[0m
[0mGET /users/sign-Up [36m304[0m 4.271 ms - -[0m
[0mGET /users/css/layout.css [33m404[0m 4.167 ms - 159[0m
[0mGET /users/css/header.css [33m404[0m 4.377 ms - 159[0m
[0mGET /users/css/footer.css [33m404[0m 4.426 ms - 159[0m
[0mGET /users/sign-In [32m200[0m 4.821 ms - 3439[0m
[0mGET /users/css/layout.css [33m404[0m 3.846 ms - 159[0m
[0mGET /users/css/header.css [33m404[0m 4.605 ms - 159[0m
[0mGET /users/css/footer.css [33m404[0m 5.016 ms - 159[0m
[0mGET /users/sign-In [32m200[0m 2.648 ms - 3448[0m
[0mGET /users/css/layout.css [33m404[0m 4.465 ms - 159[0m
[0mGET /users/css/header.css [33m404[0m 5.571 ms - 159[0m
[0mGET /users/css/footer.css [33m404[0m 4.285 ms - 159[0m
[0mGET /users/sign-In [36m304[0m 8.103 ms - -[0m
[0mGET /users/css/layout.css [33m404[0m 1.976 ms - 159[0m
[0mGET /users/css/header.css [33m404[0m 1.672 ms - 159[0m
[0mGET /users/css/footer.css [33m404[0m 1.875 ms - 159[0m
[0mGET /users/sign-Up [36m304[0m 3.027 ms - -[0m
[0mGET /users/css/layout.css [33m404[0m 3.230 ms - 159[0m
[0mGET /users/css/header.css [33m404[0m 3.362 ms - 159[0m
[0mGET /users/css/footer.css [33m404[0m 3.873 ms - 159[0m
[0mGET /action_page.php?username=nehasingla7180%40gmail.com&password=9h%40HvavsjDNvTMz [33m404[0m 1.226 ms - 154[0m
[0mGET /users/sign-In [32m200[0m 5.301 ms - 3452[0m
[0mGET /users/css/layout.css [33m404[0m 6.582 ms - 159[0m
[0mGET /users/css/header.css [33m404[0m 2.281 ms - 159[0m
[0mGET /users/css/footer.css [33m404[0m 3.012 ms - 159[0m
[0mGET /users/sign-In [32m200[0m 2.588 ms - 3252[0m
[0mGET /users/css/layout.css [33m404[0m 7.361 ms - 159[0m
[0mGET /users/css/header.css [33m404[0m 6.303 ms - 159[0m
[0mGET /users/css/footer.css [33m404[0m 4.648 ms - 159[0m
[0mGET /users/sign-In [36m304[0m 4.757 ms - -[0m
[0mGET /users/css/layout.css [33m404[0m 4.928 ms - 159[0m
[0mGET /users/css/header.css [33m404[0m 4.022 ms - 159[0m
[0mGET /users/css/footer.css [33m404[0m 3.353 ms - 159[0m
[0mGET /users/sign-In [32m200[0m 6.511 ms - 3440[0m
[0mGET /users/css/layout.css [33m404[0m 2.924 ms - 159[0m
[0mGET /users/css/header.css [33m404[0m 2.903 ms - 159[0m
[0mGET /users/css/footer.css [33m404[0m 4.885 ms - 159[0m
[0mGET /users/sign-In [36m304[0m 4.369 ms - -[0m
[0mGET /users/css/layout.css [33m404[0m 4.579 ms - 159[0m
[0mGET /users/css/header.css [33m404[0m 5.658 ms - 159[0m
[0mGET /users/css/footer.css [33m404[0m 6.216 ms - 159[0m
[0mGET /users/sign-Up [36m304[0m 4.646 ms - -[0m
[0mGET /users/css/layout.css [33m404[0m 1.390 ms - 159[0m
[0mGET /users/css/header.css [33m404[0m 1.663 ms - 159[0m
[0mGET /users/css/footer.css [33m404[0m 1.989 ms - 159[0m
[0mGET /users/sign-In [36m304[0m 4.761 ms - -[0m
[0mGET /users/css/layout.css [33m404[0m 2.148 ms - 159[0m
[0mGET /users/css/header.css [33m404[0m 1.472 ms - 159[0m
[0mGET /users/css/footer.css [33m404[0m 1.721 ms - 159[0m
[0mGET /users/sign-In [36m304[0m 345.949 ms - -[0m
[0mGET /users/css/layout.css [33m404[0m 1.762 ms - 159[0m
[0mGET /users/css/footer.css [33m404[0m 1.620 ms - 159[0m
[0mGET /users/css/header.css [33m404[0m 1.768 ms - 159[0m
[0mGET /users/sign-Up [36m304[0m 6.665 ms - -[0m
[0mGET /users/css/layout.css [33m404[0m 4.334 ms - 159[0m
[0mGET /users/css/header.css [33m404[0m 4.746 ms - 159[0m
[0mGET /users/css/footer.css [33m404[0m 5.142 ms - 159[0m
[0mGET /users/sign-In [32m200[0m 4.372 ms - 3457[0m
[0mGET /users/css/layout.css [33m404[0m 6.247 ms - 159[0m
[0mGET /users/css/header.css [33m404[0m 5.192 ms - 159[0m
[0mGET /users/css/footer.css [33m404[0m 1.953 ms - 159[0m
[0mGET /users/auth/google [36m302[0m 4.823 ms - 0[0m
[0mGET /users/auth/google/callback?code=4%2F0gEseNhnBo3c-njyOZK489tBNm7VxEWbB-Y1aU4TwQ-5t7paTZVTcrXQ4C0vEgYtnQi0w2rLtSv1AdKnYd9a16o&scope=email+profile+openid+https%3A%2F%2Fwww.googleapis.com%2Fauth%2Fuserinfo.profile+https%3A%2F%2Fwww.googleapis.com%2Fauth%2Fuserinfo.email&authuser=0&prompt=none [0m-[0m - ms - -[0m
[0mGET /users/auth/google [36m302[0m 3.034 ms - 0[0m
[0mGET /users/auth/google [36m302[0m 2.429 ms - 0[0m
[0mGET /users/auth/google [36m302[0m 7.556 ms - 0[0m
[0mGET /users/auth/google [36m302[0m 3.758 ms - 0[0m
[0mGET /users/auth/google [36m302[0m 4.599 ms - 0[0m
[0mGET /users/auth/google [36m302[0m 3.416 ms - 0[0m
[0mGET /users/auth/google [36m302[0m 4.677 ms - 0[0m
[0mGET /users/auth/google [36m302[0m 3.955 ms - 0[0m
[0mGET /users/auth/google [36m302[0m 3.831 ms - 0[0m
[0mGET /users/auth/google [36m302[0m 3.200 ms - 0[0m
[0mGET /users/auth/google [36m302[0m 4.966 ms - 0[0m
[0mGET /users/auth/google [36m302[0m 4.576 ms - 0[0m
[0mGET /users/auth/google [36m302[0m 5.585 ms - 0[0m
[0mGET /users/auth/google/callback?code=4%2F0gH8q1qBYbc4b9e5I6SFmAXGhBbzhUNM7xrnow8fcph0yEZHrPRu2VQK1Tm9qy4pA47T4NlRWTURH2TjuF1oVEI&scope=email+profile+https%3A%2F%2Fwww.googleapis.com%2Fauth%2Fuserinfo.profile+https%3A%2F%2Fwww.googleapis.com%2Fauth%2Fuserinfo.email+openid&authuser=0&prompt=none [36m302[0m 560.271 ms - 46[0m
[0mGET / [32m200[0m 16.445 ms - 9671[0m
[0mGET /users/auth/google [36m302[0m 5.319 ms - 0[0m
[0mGET /users/auth/google/callback?code=4%2F0gG1eU3P3AGChT4PqWk5es3a0cAkO6uItQ34N1bfCu3LLGzubJXtVPZfKkrordXBYM5FpLLzgCaIDK9rY8yuF5w&scope=email+profile+https%3A%2F%2Fwww.googleapis.com%2Fauth%2Fuserinfo.profile+https%3A%2F%2Fwww.googleapis.com%2Fauth%2Fuserinfo.email+openid&authuser=0&prompt=none [36m302[0m 633.123 ms - 46[0m
[0mGET / [36m304[0m 16.522 ms - -[0m
[0mGET /users/sign-In [36m302[0m 2.798 ms - 72[0m
[0mGET /users/profile [33m404[0m 4.276 ms - 152[0m
[0mGET /users/profile [33m404[0m 4.833 ms - 152[0m
[0mGET /users/profile [33m404[0m 3.986 ms - 152[0m
[0mGET /users/sign-Out [36m302[0m 3.277 ms - 46[0m
[0mGET / [32m200[0m 19.084 ms - 6128[0m
[0mGET /users/sign-In [32m200[0m 5.711 ms - 3781[0m
[0mGET /users/css/footer.css [33m404[0m 4.501 ms - 159[0m
[0mGET /users/css/layout.css [33m404[0m 3.342 ms - 159[0m
[0mGET /users/css/header.css [33m404[0m 3.779 ms - 159[0m
[0mGET /action_page.php?email=nehasingla7180%40gmail.com&password=9h%40HvavsjDNvTMz [33m404[0m 2.685 ms - 154[0m
