[0mGET /users/profile/5ecd4b3b17a8cd3b2c6c0653 [31m500[0m 17.156 ms - 2323[0m
[0mGET /users/profile/5edb54b66e70c5634c059a30 [32m200[0m 16.118 ms - 3032[0m
[0mGET /users/profile/5ecd4b3b17a8cd3b2c6c0653 [32m200[0m 15.184 ms - 2769[0m
[0mGET /users/profile/5ecd4b3b17a8cd3b2c6c0653 [32m200[0m 12.731 ms - 2775[0m
[0mGET /users/profile/5ecd4b3b17a8cd3b2c6c0653 [36m304[0m 16.591 ms - -[0m
[0mGET /users/profile/5ecd4b3b17a8cd3b2c6c0653 [32m200[0m 14.202 ms - 2793[0m
[0mGET /users/sign-Out [36m302[0m 8.262 ms - 46[0m
[0mGET / [32m200[0m 39.294 ms - 6093[0m
[0mGET /users/sign-In [36m304[0m 9.289 ms - -[0m
[0mGET /users/auth/google [36m302[0m 4.153 ms - 0[0m
[0mGET /users/auth/google/callback?code=4%2F0gHZ6bzh0GV46ikxIBuBJD6A2ZexsLRt3BzcpWnC0rQEqb3ne1ad7LpXcxUhOwSd1HF4aUI5OERjWZkG3t5TKB8&scope=email+profile+https%3A%2F%2Fwww.googleapis.com%2Fauth%2Fuserinfo.profile+https%3A%2F%2Fwww.googleapis.com%2Fauth%2Fuserinfo.email+openid&authuser=1&prompt=consent [36m302[0m 2168.009 ms - 46[0m
[0mGET / [32m200[0m 44.252 ms - 8580[0m
[0mGET /users/profile/5ecd4b3b17a8cd3b2c6c0653 [36m304[0m 16.879 ms - -[0m
[0mGET /users/friends/?from=5edb54b66e70c5634c059a30&to=5ecd4b3b17a8cd3b2c6c0653 [36m302[0m 26.936 ms - 164[0m
[0mGET /users/profile/5ecd4b3b17a8cd3b2c6c0653 [36m304[0m 17.888 ms - -[0m
[0mGET /users/sign-Out [36m302[0m 8.062 ms - 46[0m
[0mGET / [32m200[0m 35.224 ms - 6093[0m
[0mGET /users/profile/5ecd4b3b17a8cd3b2c6c0653 [36m302[0m 3.973 ms - 72[0m
[0mGET /users/sign-In [36m304[0m 7.479 ms - -[0m
[0mGET /users/auth/google [36m302[0m 4.887 ms - 0[0m
[0mGET /users/auth/google/callback?code=4%2F0gGr8HR79eoJPRitRZqZ5oPmlLDtBg4oagpQr1KaBTetrbeNfShhdFYIpLiMJrhCYaDPTVXn7g46GZVd06-iGbU&scope=email+profile+https%3A%2F%2Fwww.googleapis.com%2Fauth%2Fuserinfo.profile+https%3A%2F%2Fwww.googleapis.com%2Fauth%2Fuserinfo.email+openid&authuser=0&prompt=consent [36m302[0m 827.625 ms - 46[0m
[0mGET / [32m200[0m 39.250 ms - 8717[0m
[0mGET /users/profile/5ecd4b3b17a8cd3b2c6c0653 [32m200[0m 15.421 ms - 3093[0m
[0mGET /users/sign-Out [36m302[0m 7.231 ms - 46[0m
[0mGET / [32m200[0m 29.439 ms - 6093[0m
[0mGET /users/profile/5edb54b66e70c5634c059a30 [36m302[0m 4.303 ms - 72[0m
[0mGET /users/sign-In [36m304[0m 9.212 ms - -[0m
[0mGET /users/auth/google [36m302[0m 4.558 ms - 0[0m
[0mGET /users/auth/google/callback?code=4%2F0gGqVINcFyyeA8pSKAxh7QJoIfKnt8rV58FjVshPeTleid7GIp8dvqVLaj2KhAhOBMsseIOybWg0PucQt-711XU&scope=email+profile+https%3A%2F%2Fwww.googleapis.com%2Fauth%2Fuserinfo.profile+https%3A%2F%2Fwww.googleapis.com%2Fauth%2Fuserinfo.email+openid&authuser=1&prompt=consent [36m302[0m 2534.828 ms - 46[0m
[0mGET / [32m200[0m 55.542 ms - 8580[0m
[0mGET /users/profile/5edb54b66e70c5634c059a30 [32m200[0m 15.204 ms - 3058[0m
[0mPOST /users/update/5edb54b66e70c5634c059a30 [36m302[0m 16.740 ms - 164[0m
[0mGET /users/profile/5edb54b66e70c5634c059a30 [32m200[0m 8.793 ms - 3101[0m
[0mGET /users/sign-In [32m200[0m 77.397 ms - 3430[0m
[0mGET /users/auth/google [36m302[0m 5.695 ms - 0[0m
[0mGET /users/auth/google/callback?code=4%2F0wE1eJJpd4gB_dzy36oXLLad3Nq9pZ26QeiUVMbmR8RqP23pE9Z6kxj-Fu1NcaNBvtX95bYKDH6YIL0yL4QY7bA&scope=email+profile+https%3A%2F%2Fwww.googleapis.com%2Fauth%2Fuserinfo.profile+https%3A%2F%2Fwww.googleapis.com%2Fauth%2Fuserinfo.email+openid&authuser=0&prompt=consent [36m302[0m 988.171 ms - 46[0m
[0mGET / [32m200[0m 63.399 ms - 8717[0m
[0mGET /users/profile/5edb54b66e70c5634c059a30 [32m200[0m 43.659 ms - 2835[0m
[0mGET /users/profile/5edb54b66e70c5634c059a30 [36m304[0m 10.846 ms - -[0m
[0mGET /users/profile/5edb54b66e70c5634c059a30 [36m304[0m 11.777 ms - -[0m
[0mGET /users/profile/5edb54b66e70c5634c059a30 [36m304[0m 11.653 ms - -[0m
[0mGET /users/profile/5edb54b66e70c5634c059a30 [36m304[0m 7.498 ms - -[0m
[0mGET /users/profile/5edb54b66e70c5634c059a30 [36m304[0m 11.035 ms - -[0m
[0mGET /users/profile/5edb54b66e70c5634c059a30 [36m304[0m 11.412 ms - -[0m
[0mGET /users/profile/5edb54b66e70c5634c059a30 [36m304[0m 13.723 ms - -[0m
[0mGET /users/profile/5ecd4b3b17a8cd3b2c6c0653 [36m304[0m 6.962 ms - -[0m
[0mGET / [32m200[0m 27.800 ms - 8411[0m
[0mGET / [36m304[0m 21.407 ms - -[0m
[0mGET / [32m200[0m 17.239 ms - 8461[0m
[0mGET / [36m304[0m 23.661 ms - -[0m
[0mGET / [32m200[0m 16.137 ms - 8509[0m
[0mGET / [32m200[0m 17.151 ms - 8509[0m
[0mGET / [32m200[0m 26.079 ms - 8411[0m
[0mGET / [36m304[0m 17.640 ms - -[0m
[0mGET / [32m200[0m 23.724 ms - 9065[0m
[0mGET / [36m304[0m 29.552 ms - -[0m
[0mPOST /likes/toggle/?id=5edc8d30097e1148787db701&type=Comment [31m500[0m 29.177 ms - 35[0m
[0mPOST /likes/toggle/?id=5edc8d30097e1148787db701&type=Comment [31m500[0m 16.867 ms - 35[0m
[0mPOST /likes/toggle/?id=5edc87fc097e1148787db700&type=Post [32m200[0m 13.048 ms - 59[0m
[0mGET / [32m200[0m 24.814 ms - 9257[0m
[0mGET / [36m304[0m 16.298 ms - -[0m
[0mGET / [36m304[0m 20.095 ms - -[0m
[0mGET / [36m304[0m 24.102 ms - -[0m
[0mPOST /likes/toggle/?id=5edc87fc097e1148787db700&type=Post [32m200[0m 11.122 ms - 59[0m
[0mGET / [32m200[0m 20.908 ms - 9257[0m
[0mGET / [36m304[0m 23.779 ms - -[0m
[0mGET / [36m304[0m 23.989 ms - -[0m
[0mPOST /likes/toggle/?id=5edc8d30097e1148787db701&type=Comment [31m500[0m 6.878 ms - 35[0m
[0mPOST /likes/toggle/?id=5edc8d30097e1148787db701&type=Comment [31m500[0m 16.134 ms - 35[0m
[0mGET / [36m304[0m 18.398 ms - -[0m
[0mGET / [36m304[0m 21.733 ms - -[0m
[0mGET / [32m200[0m 35.056 ms - 9311[0m
[0mGET / [32m200[0m 19.734 ms - 9365[0m
[0mPOST /likes/toggle/?id=5edc87fc097e1148787db700&type=Post [32m200[0m 7.663 ms - 59[0m
[0mPOST /likes/toggle/?id=5eb411919c219b7a9c62f8d3&type=Post [32m200[0m 11.871 ms - 59[0m
[0mGET / [32m200[0m 22.410 ms - 9365[0m
[0mPOST /likes/toggle/?id=5edc87fc097e1148787db700&type=Post [32m200[0m 7.411 ms - 59[0m
[0mPOST /likes/toggle/?id=5edc87fc097e1148787db700&type=Post [32m200[0m 10.559 ms - 59[0m
[0mPOST /likes/toggle/?id=5edc87fc097e1148787db700&type=Post [32m200[0m 11.153 ms - 59[0m
[0mGET / [32m200[0m 37.768 ms - 9365[0m
[0mGET / [36m304[0m 26.435 ms - -[0m
[0mGET / [36m304[0m 19.448 ms - -[0m
[0mGET / [36m304[0m 15.713 ms - -[0m
[0mGET / [36m304[0m 22.503 ms - -[0m
[0mGET / [36m304[0m 15.775 ms - -[0m
[0mPOST /likes/toggle/?id=5eb4119a9c219b7a9c62f8d4&type=Comment [31m500[0m 7.112 ms - 35[0m
[0mPOST /likes/toggle/?id=5eb4119a9c219b7a9c62f8d4&type=Comment [31m500[0m 16.062 ms - 35[0m
[0mPOST /likes/toggle/?id=5eb4119a9c219b7a9c62f8d4&type=Comment [31m500[0m 10.713 ms - 35[0m
[0mPOST /likes/toggle/?id=5edc8d30097e1148787db701&type=Comment [31m500[0m 14.126 ms - 35[0m
[0mPOST /likes/toggle/?id=5edc8d30097e1148787db701&type=Comment [31m500[0m 15.999 ms - 35[0m
[0mGET / [36m304[0m 28.339 ms - -[0m
[0mPOST /comments/create [36m302[0m 9.066 ms - 88[0m
[0mGET / [32m200[0m 16.527 ms - 10546[0m
[0mGET / [32m200[0m 22.303 ms - 10245[0m
[0mGET / [36m304[0m 25.916 ms - -[0m
[0mGET /users/sign-Out [36m302[0m 7.416 ms - 46[0m
[0mGET / [32m200[0m 11.472 ms - 7636[0m
[0mGET /users/sign-In [36m304[0m 6.161 ms - -[0m
[0mPOST /users/create-session [36m302[0m 3.873 ms - 46[0m
[0mGET / [32m200[0m 14.895 ms - 10539[0m
[0mGET / [32m200[0m 224.493 ms - 7333[0m
[0mGET /users/sign-In [36m304[0m 54.837 ms - -[0m
[0mGET /users/auth/google [36m302[0m 10.654 ms - 0[0m
[0mGET /users/auth/google/callback?code=4%2F0wFPLdfYcls-V3hHSQ_IlaQyu5GvK7oschMWx6hMwW93Bvo4Faeml-dnG6XBgzRfKtpu9tjt69DbO8y8l6covcI&scope=email+profile+https%3A%2F%2Fwww.googleapis.com%2Fauth%2Fuserinfo.profile+https%3A%2F%2Fwww.googleapis.com%2Fauth%2Fuserinfo.email+openid&authuser=0&prompt=consent [36m302[0m 1119.143 ms - 46[0m
[0mGET / [32m200[0m 83.648 ms - 10551[0m
[0mGET / [32m200[0m 53.446 ms - 10299[0m
[0mPOST /posts/create [32m200[0m 29.486 ms - 239[0m
[0mPOST /comments/create [36m302[0m 41.997 ms - 88[0m
[0mGET / [32m200[0m 61.671 ms - 12653[0m
[0mGET / [32m200[0m 190.418 ms - 12424[0m
[0mGET /posts/destroy/5ee3b27f1fb4514e884f1877 [32m200[0m 49.064 ms - 72[0m
[0mGET /posts/destroy/5edc87fc097e1148787db700 [32m200[0m 37.819 ms - 72[0m
[0mGET / [32m200[0m 285.919 ms - 7156[0m
[0mGET /favicon.ico [33m404[0m 25.744 ms - 150[0m
[0mGET /users/sign-In [32m200[0m 55.635 ms - 3430[0m
[0mGET /users/auth/google [36m302[0m 9.269 ms - 0[0m
[0mGET /users/auth/google/callback?code=4%2F0wGJYDT4PwSDN1ssjdFYfqbT-IYy_OJ7wMWlXhqTXr0v5G7O4wp21Owjon6i_tk_8Qq62CXBudcq-ejwRfjM3AA&scope=email+profile+https%3A%2F%2Fwww.googleapis.com%2Fauth%2Fuserinfo.profile+https%3A%2F%2Fwww.googleapis.com%2Fauth%2Fuserinfo.email+openid&authuser=0&prompt=consent [36m302[0m 1137.075 ms - 46[0m
[0mGET / [32m200[0m 58.579 ms - 10939[0m
[0mGET /users/profile/5ecd4b3b17a8cd3b2c6c0653 [36m304[0m 70.021 ms - -[0m
[0mGET /users/profile/5edb54b66e70c5634c059a30 [36m304[0m 19.449 ms - -[0m
[0mGET /users/friends/?from=5ecd4b3b17a8cd3b2c6c0653&to=5edb54b66e70c5634c059a30 [36m302[0m 77.775 ms - 164[0m
[0mGET /users/profile/5edb54b66e70c5634c059a30 [36m304[0m 18.049 ms - -[0m
